<?xml version="1.0" encoding="UTF-8"?>
<coverage generated="1717320098069" clover="3.2.0">
  <project timestamp="1717320098069" name="All files">
    <metrics statements="206" coveredstatements="185" conditionals="64" coveredconditionals="51" methods="49" coveredmethods="40" elements="319" coveredelements="276" complexity="0" loc="206" ncloc="206" packages="6" files="13" classes="13"/>
    <package name="src">
      <metrics statements="8" coveredstatements="6" conditionals="0" coveredconditionals="0" methods="2" coveredmethods="1"/>
      <file name="App.tsx" path="/Users/ujjwal.tiwari/Desktop/DateRangePicker/date-range-picker/src/App.tsx">
        <metrics statements="8" coveredstatements="6" conditionals="0" coveredconditionals="0" methods="2" coveredmethods="1"/>
        <line num="2" count="1" type="stmt"/>
        <line num="4" count="1" type="stmt"/>
        <line num="5" count="3" type="stmt"/>
        <line num="9" count="0" type="stmt"/>
        <line num="10" count="0" type="stmt"/>
        <line num="13" count="3" type="stmt"/>
        <line num="21" count="3" type="stmt"/>
        <line num="35" count="1" type="stmt"/>
      </file>
    </package>
    <package name="src.components.Calendar">
      <metrics statements="31" coveredstatements="31" conditionals="17" coveredconditionals="17" methods="6" coveredmethods="6"/>
      <file name="Calendar.styles.ts" path="/Users/ujjwal.tiwari/Desktop/DateRangePicker/date-range-picker/src/components/Calendar/Calendar.styles.ts">
        <metrics statements="4" coveredstatements="4" conditionals="0" coveredconditionals="0" methods="0" coveredmethods="0"/>
        <line num="1" count="3" type="stmt"/>
        <line num="3" count="3" type="stmt"/>
        <line num="10" count="3" type="stmt"/>
        <line num="21" count="3" type="stmt"/>
      </file>
      <file name="Calendar.tsx" path="/Users/ujjwal.tiwari/Desktop/DateRangePicker/date-range-picker/src/components/Calendar/Calendar.tsx">
        <metrics statements="21" coveredstatements="21" conditionals="15" coveredconditionals="15" methods="4" coveredmethods="4"/>
        <line num="1" count="3" type="stmt"/>
        <line num="4" count="3" type="stmt"/>
        <line num="9" count="3" type="stmt"/>
        <line num="10" count="3" type="stmt"/>
        <line num="12" count="3" type="stmt"/>
        <line num="22" count="41" type="stmt"/>
        <line num="23" count="41" type="stmt"/>
        <line num="25" count="41" type="stmt"/>
        <line num="26" count="41" type="stmt"/>
        <line num="28" count="41" type="stmt"/>
        <line num="29" count="146" type="stmt"/>
        <line num="35" count="41" type="stmt"/>
        <line num="36" count="1248" type="stmt"/>
        <line num="40" count="1248" type="cond" truecount="4" falsecount="0"/>
        <line num="45" count="1248" type="cond" truecount="5" falsecount="0"/>
        <line num="51" count="1248" type="stmt"/>
        <line num="57" count="5" type="stmt"/>
        <line num="64" count="41" type="stmt"/>
        <line num="76" count="41" type="stmt"/>
        <line num="87" count="287" type="stmt"/>
        <line num="98" count="3" type="stmt"/>
      </file>
      <file name="calendar.utils.ts" path="/Users/ujjwal.tiwari/Desktop/DateRangePicker/date-range-picker/src/components/Calendar/calendar.utils.ts">
        <metrics statements="6" coveredstatements="6" conditionals="2" coveredconditionals="2" methods="2" coveredmethods="2"/>
        <line num="1" count="4" type="stmt"/>
        <line num="2" count="46" type="stmt"/>
        <line num="5" count="4" type="stmt"/>
        <line num="6" count="1108" type="stmt"/>
        <line num="7" count="1108" type="cond" truecount="2" falsecount="0"/>
        <line num="10" count="4" type="stmt"/>
      </file>
    </package>
    <package name="src.components.Calendar.CalendarHeader">
      <metrics statements="21" coveredstatements="21" conditionals="0" coveredconditionals="0" methods="9" coveredmethods="9"/>
      <file name="CalendarHeader.styles.ts" path="/Users/ujjwal.tiwari/Desktop/DateRangePicker/date-range-picker/src/components/Calendar/CalendarHeader/CalendarHeader.styles.ts">
        <metrics statements="5" coveredstatements="5" conditionals="0" coveredconditionals="0" methods="0" coveredmethods="0"/>
        <line num="1" count="4" type="stmt"/>
        <line num="3" count="4" type="stmt"/>
        <line num="11" count="4" type="stmt"/>
        <line num="16" count="4" type="stmt"/>
        <line num="34" count="4" type="stmt"/>
      </file>
      <file name="CalendarHeader.tsx" path="/Users/ujjwal.tiwari/Desktop/DateRangePicker/date-range-picker/src/components/Calendar/CalendarHeader/CalendarHeader.tsx">
        <metrics statements="16" coveredstatements="16" conditionals="0" coveredconditionals="0" methods="9" coveredmethods="9"/>
        <line num="1" count="4" type="stmt"/>
        <line num="2" count="4" type="stmt"/>
        <line num="16" count="4" type="stmt"/>
        <line num="22" count="46" type="stmt"/>
        <line num="23" count="26" type="stmt"/>
        <line num="25" count="2600" type="stmt"/>
        <line num="27" count="2600" type="stmt"/>
        <line num="33" count="46" type="stmt"/>
        <line num="34" count="312" type="stmt"/>
        <line num="35" count="312" type="stmt"/>
        <line num="43" count="46" type="stmt"/>
        <line num="44" count="2" type="stmt"/>
        <line num="47" count="46" type="stmt"/>
        <line num="48" count="2" type="stmt"/>
        <line num="51" count="46" type="stmt"/>
        <line num="69" count="4" type="stmt"/>
      </file>
    </package>
    <package name="src.components.CustomRanges">
      <metrics statements="8" coveredstatements="8" conditionals="0" coveredconditionals="0" methods="3" coveredmethods="3"/>
      <file name="CustomRanges.styles.ts" path="/Users/ujjwal.tiwari/Desktop/DateRangePicker/date-range-picker/src/components/CustomRanges/CustomRanges.styles.ts">
        <metrics statements="2" coveredstatements="2" conditionals="0" coveredconditionals="0" methods="0" coveredmethods="0"/>
        <line num="1" count="3" type="stmt"/>
        <line num="3" count="3" type="stmt"/>
      </file>
      <file name="CustomRanges.tsx" path="/Users/ujjwal.tiwari/Desktop/DateRangePicker/date-range-picker/src/components/CustomRanges/CustomRanges.tsx">
        <metrics statements="6" coveredstatements="6" conditionals="0" coveredconditionals="0" methods="3" coveredmethods="3"/>
        <line num="2" count="3" type="stmt"/>
        <line num="15" count="3" type="stmt"/>
        <line num="19" count="20" type="stmt"/>
        <line num="22" count="43" type="stmt"/>
        <line num="24" count="3" type="stmt"/>
        <line num="33" count="3" type="stmt"/>
      </file>
    </package>
    <package name="src.components.DateRangePicker">
      <metrics statements="127" coveredstatements="108" conditionals="44" coveredconditionals="31" methods="27" coveredmethods="19"/>
      <file name="DateRangePicker.styles.ts" path="/Users/ujjwal.tiwari/Desktop/DateRangePicker/date-range-picker/src/components/DateRangePicker/DateRangePicker.styles.ts">
        <metrics statements="7" coveredstatements="7" conditionals="0" coveredconditionals="0" methods="0" coveredmethods="0"/>
        <line num="1" count="2" type="stmt"/>
        <line num="3" count="2" type="stmt"/>
        <line num="9" count="2" type="stmt"/>
        <line num="15" count="2" type="stmt"/>
        <line num="36" count="2" type="stmt"/>
        <line num="45" count="2" type="stmt"/>
        <line num="52" count="2" type="stmt"/>
      </file>
      <file name="DateRangePicker.tsx" path="/Users/ujjwal.tiwari/Desktop/DateRangePicker/date-range-picker/src/components/DateRangePicker/DateRangePicker.tsx">
        <metrics statements="91" coveredstatements="72" conditionals="29" coveredconditionals="16" methods="23" coveredmethods="15"/>
        <line num="1" count="2" type="stmt"/>
        <line num="8" count="2" type="stmt"/>
        <line num="9" count="2" type="stmt"/>
        <line num="10" count="2" type="stmt"/>
        <line num="11" count="2" type="stmt"/>
        <line num="20" count="2" type="stmt"/>
        <line num="26" count="2" type="stmt"/>
        <line num="28" count="2" type="stmt"/>
        <line num="32" count="48" type="stmt"/>
        <line num="33" count="48" type="stmt"/>
        <line num="34" count="48" type="stmt"/>
        <line num="36" count="48" type="stmt"/>
        <line num="38" count="48" type="stmt"/>
        <line num="39" count="19" type="stmt"/>
        <line num="42" count="48" type="stmt"/>
        <line num="43" count="24" type="stmt"/>
        <line num="44" count="24" type="stmt"/>
        <line num="45" count="24" type="stmt"/>
        <line num="49" count="48" type="stmt"/>
        <line num="50" count="0" type="stmt"/>
        <line num="53" count="48" type="stmt"/>
        <line num="54" count="0" type="stmt"/>
        <line num="57" count="48" type="stmt"/>
        <line num="58" count="0" type="stmt"/>
        <line num="59" count="0" type="stmt"/>
        <line num="62" count="48" type="stmt"/>
        <line num="63" count="0" type="stmt"/>
        <line num="64" count="0" type="stmt"/>
        <line num="67" count="48" type="stmt"/>
        <line num="68" count="2" type="stmt"/>
        <line num="71" count="48" type="stmt"/>
        <line num="72" count="1" type="stmt"/>
        <line num="73" count="1" type="stmt"/>
        <line num="76" count="48" type="stmt"/>
        <line num="77" count="0" type="cond" truecount="0" falsecount="3"/>
        <line num="78" count="0" type="stmt"/>
        <line num="82" count="48" type="stmt"/>
        <line num="83" count="4" type="cond" truecount="0" falsecount="1"/>
        <line num="84" count="0" type="stmt"/>
        <line num="87" count="4" type="stmt"/>
        <line num="90" count="48" type="stmt"/>
        <line num="91" count="0" type="stmt"/>
        <line num="92" count="0" type="stmt"/>
        <line num="95" count="48" type="stmt"/>
        <line num="96" count="1" type="stmt"/>
        <line num="99" count="48" type="stmt"/>
        <line num="100" count="19" type="cond" truecount="4" falsecount="0"/>
        <line num="101" count="2" type="stmt"/>
        <line num="102" count="2" type="stmt"/>
        <line num="104" count="2" type="stmt"/>
        <line num="108" count="2" type="stmt"/>
        <line num="110" count="17" type="stmt"/>
        <line num="111" count="17" type="stmt"/>
        <line num="115" count="48" type="stmt"/>
        <line num="116" count="24" type="cond" truecount="2" falsecount="0"/>
        <line num="117" count="8" type="stmt"/>
        <line num="119" count="16" type="stmt"/>
        <line num="123" count="48" type="stmt"/>
        <line num="124" count="40" type="stmt"/>
        <line num="127" count="48" type="stmt"/>
        <line num="128" count="0" type="cond" truecount="0" falsecount="3"/>
        <line num="129" count="0" type="stmt"/>
        <line num="133" count="48" type="stmt"/>
        <line num="134" count="0" type="cond" truecount="0" falsecount="1"/>
        <line num="138" count="0" type="stmt"/>
        <line num="139" count="0" type="stmt"/>
        <line num="146" count="48" type="stmt"/>
        <line num="147" count="4" type="cond" truecount="5" falsecount="0"/>
        <line num="148" count="2" type="stmt"/>
        <line num="149" count="2" type="stmt"/>
        <line num="150" count="2" type="cond" truecount="1" falsecount="1"/>
        <line num="151" count="0" type="stmt"/>
        <line num="152" count="0" type="stmt"/>
        <line num="154" count="2" type="stmt"/>
        <line num="158" count="48" type="stmt"/>
        <line num="159" count="1" type="cond" truecount="3" falsecount="0"/>
        <line num="160" count="1" type="stmt"/>
        <line num="164" count="1" type="stmt"/>
        <line num="168" count="1" type="stmt"/>
        <line num="172" count="48" type="stmt"/>
        <line num="173" count="1" type="stmt"/>
        <line num="174" count="1" type="stmt"/>
        <line num="176" count="1" type="stmt"/>
        <line num="177" count="1" type="cond" truecount="0" falsecount="1"/>
        <line num="178" count="0" type="stmt"/>
        <line num="180" count="1" type="stmt"/>
        <line num="183" count="1" type="stmt"/>
        <line num="186" count="48" type="stmt"/>
        <line num="203" count="48" type="stmt"/>
        <line num="206" count="8" type="stmt"/>
        <line num="255" count="2" type="stmt"/>
      </file>
      <file name="DateRangePicker.utils.ts" path="/Users/ujjwal.tiwari/Desktop/DateRangePicker/date-range-picker/src/components/DateRangePicker/DateRangePicker.utils.ts">
        <metrics statements="29" coveredstatements="29" conditionals="15" coveredconditionals="15" methods="4" coveredmethods="4"/>
        <line num="9" count="3" type="stmt"/>
        <line num="13" count="46" type="cond" truecount="10" falsecount="0"/>
        <line num="15" count="3" type="stmt"/>
        <line num="17" count="5" type="stmt"/>
        <line num="19" count="11" type="stmt"/>
        <line num="21" count="20" type="stmt"/>
        <line num="23" count="1" type="stmt"/>
        <line num="25" count="1" type="stmt"/>
        <line num="27" count="1" type="stmt"/>
        <line num="29" count="1" type="stmt"/>
        <line num="31" count="2" type="stmt"/>
        <line num="41" count="1" type="stmt"/>
        <line num="45" count="3" type="stmt"/>
        <line num="56" count="3" type="stmt"/>
        <line num="59" count="48" type="stmt"/>
        <line num="61" count="48" type="stmt"/>
        <line num="62" count="111" type="stmt"/>
        <line num="64" count="111" type="cond" truecount="2" falsecount="0"/>
        <line num="65" count="14" type="stmt"/>
        <line num="66" count="97" type="cond" truecount="2" falsecount="0"/>
        <line num="67" count="7" type="stmt"/>
        <line num="68" count="90" type="cond" truecount="1" falsecount="0"/>
        <line num="69" count="7" type="stmt"/>
        <line num="72" count="111" type="stmt"/>
        <line num="80" count="3" type="stmt"/>
        <line num="81" count="10" type="stmt"/>
        <line num="82" count="10" type="stmt"/>
        <line num="83" count="10" type="stmt"/>
        <line num="85" count="10" type="stmt"/>
      </file>
    </package>
    <package name="src.components.shared.Modal">
      <metrics statements="11" coveredstatements="11" conditionals="3" coveredconditionals="3" methods="2" coveredmethods="2"/>
      <file name="Modal.styles.ts" path="/Users/ujjwal.tiwari/Desktop/DateRangePicker/date-range-picker/src/components/shared/Modal/Modal.styles.ts">
        <metrics statements="5" coveredstatements="5" conditionals="0" coveredconditionals="0" methods="0" coveredmethods="0"/>
        <line num="1" count="2" type="stmt"/>
        <line num="3" count="2" type="stmt"/>
        <line num="16" count="2" type="stmt"/>
        <line num="28" count="2" type="stmt"/>
        <line num="34" count="2" type="stmt"/>
      </file>
      <file name="Modal.tsx" path="/Users/ujjwal.tiwari/Desktop/DateRangePicker/date-range-picker/src/components/shared/Modal/Modal.tsx">
        <metrics statements="6" coveredstatements="6" conditionals="3" coveredconditionals="3" methods="2" coveredmethods="2"/>
        <line num="2" count="2" type="stmt"/>
        <line num="25" count="2" type="stmt"/>
        <line num="32" count="48" type="cond" truecount="1" falsecount="0"/>
        <line num="34" count="18" type="stmt"/>
        <line num="42" count="36" type="stmt"/>
        <line num="58" count="2" type="stmt"/>
      </file>
    </package>
  </project>
</coverage>
