<?xml version="1.0" encoding="UTF-8"?>
<coverage generated="1717342303865" clover="3.2.0">
  <project timestamp="1717342303865" name="All files">
    <metrics statements="245" coveredstatements="216" conditionals="68" coveredconditionals="53" methods="54" coveredmethods="45" elements="367" coveredelements="314" complexity="0" loc="245" ncloc="245" packages="7" files="15" classes="15"/>
    <package name="src">
      <metrics statements="8" coveredstatements="6" conditionals="0" coveredconditionals="0" methods="2" coveredmethods="1"/>
      <file name="App.tsx" path="/Users/ujjwal.tiwari/Desktop/DateRangePicker/date-range-picker/src/App.tsx">
        <metrics statements="8" coveredstatements="6" conditionals="0" coveredconditionals="0" methods="2" coveredmethods="1"/>
        <line num="2" count="1" type="stmt"/>
        <line num="4" count="1" type="stmt"/>
        <line num="5" count="3" type="stmt"/>
        <line num="9" count="0" type="stmt"/>
        <line num="10" count="0" type="stmt"/>
        <line num="13" count="3" type="stmt"/>
        <line num="20" count="3" type="stmt"/>
        <line num="38" count="1" type="stmt"/>
      </file>
    </package>
    <package name="src.components.Calendar">
      <metrics statements="38" coveredstatements="38" conditionals="19" coveredconditionals="19" methods="9" coveredmethods="9"/>
      <file name="Calendar.styles.ts" path="/Users/ujjwal.tiwari/Desktop/DateRangePicker/date-range-picker/src/components/Calendar/Calendar.styles.ts">
        <metrics statements="4" coveredstatements="4" conditionals="0" coveredconditionals="0" methods="0" coveredmethods="0"/>
        <line num="1" count="3" type="stmt"/>
        <line num="3" count="3" type="stmt"/>
        <line num="10" count="3" type="stmt"/>
        <line num="21" count="3" type="stmt"/>
      </file>
      <file name="Calendar.tsx" path="/Users/ujjwal.tiwari/Desktop/DateRangePicker/date-range-picker/src/components/Calendar/Calendar.tsx">
        <metrics statements="28" coveredstatements="28" conditionals="17" coveredconditionals="17" methods="7" coveredmethods="7"/>
        <line num="1" count="3" type="stmt"/>
        <line num="3" count="3" type="stmt"/>
        <line num="8" count="3" type="stmt"/>
        <line num="9" count="3" type="stmt"/>
        <line num="11" count="3" type="stmt"/>
        <line num="22" count="41" type="stmt"/>
        <line num="23" count="41" type="stmt"/>
        <line num="25" count="41" type="stmt"/>
        <line num="27" count="1248" type="cond" truecount="4" falsecount="0"/>
        <line num="32" count="41" type="stmt"/>
        <line num="34" count="1248" type="cond" truecount="5" falsecount="0"/>
        <line num="42" count="41" type="stmt"/>
        <line num="44" count="1248" type="stmt"/>
        <line num="45" count="1248" type="stmt"/>
        <line num="46" count="1248" type="stmt"/>
        <line num="47" count="1248" type="stmt"/>
        <line num="49" count="1248" type="stmt"/>
        <line num="55" count="5" type="stmt"/>
        <line num="72" count="41" type="stmt"/>
        <line num="73" count="41" type="stmt"/>
        <line num="75" count="41" type="stmt"/>
        <line num="76" count="146" type="stmt"/>
        <line num="81" count="41" type="stmt"/>
        <line num="82" count="1248" type="stmt"/>
        <line num="85" count="41" type="stmt"/>
        <line num="88" count="41" type="stmt"/>
        <line num="99" count="287" type="stmt"/>
        <line num="110" count="3" type="stmt"/>
      </file>
      <file name="calendar.utils.ts" path="/Users/ujjwal.tiwari/Desktop/DateRangePicker/date-range-picker/src/components/Calendar/calendar.utils.ts">
        <metrics statements="6" coveredstatements="6" conditionals="2" coveredconditionals="2" methods="2" coveredmethods="2"/>
        <line num="1" count="5" type="stmt"/>
        <line num="2" count="46" type="stmt"/>
        <line num="5" count="5" type="stmt"/>
        <line num="6" count="1697" type="stmt"/>
        <line num="7" count="1697" type="cond" truecount="2" falsecount="0"/>
        <line num="10" count="5" type="stmt"/>
      </file>
    </package>
    <package name="src.components.Calendar.CalendarHeader">
      <metrics statements="23" coveredstatements="23" conditionals="0" coveredconditionals="0" methods="7" coveredmethods="7"/>
      <file name="CalendarHeader.styles.ts" path="/Users/ujjwal.tiwari/Desktop/DateRangePicker/date-range-picker/src/components/Calendar/CalendarHeader/CalendarHeader.styles.ts">
        <metrics statements="2" coveredstatements="2" conditionals="0" coveredconditionals="0" methods="0" coveredmethods="0"/>
        <line num="1" count="4" type="stmt"/>
        <line num="3" count="4" type="stmt"/>
      </file>
      <file name="CalendarHeader.tsx" path="/Users/ujjwal.tiwari/Desktop/DateRangePicker/date-range-picker/src/components/Calendar/CalendarHeader/CalendarHeader.tsx">
        <metrics statements="21" coveredstatements="21" conditionals="0" coveredconditionals="0" methods="7" coveredmethods="7"/>
        <line num="1" count="4" type="stmt"/>
        <line num="2" count="4" type="stmt"/>
        <line num="3" count="4" type="stmt"/>
        <line num="12" count="4" type="stmt"/>
        <line num="18" count="46" type="stmt"/>
        <line num="19" count="26" type="stmt"/>
        <line num="20" count="2600" type="stmt"/>
        <line num="21" count="2600" type="stmt"/>
        <line num="25" count="46" type="stmt"/>
        <line num="26" count="26" type="stmt"/>
        <line num="27" count="312" type="stmt"/>
        <line num="28" count="312" type="stmt"/>
        <line num="31" count="312" type="stmt"/>
        <line num="35" count="46" type="stmt"/>
        <line num="36" count="26" type="stmt"/>
        <line num="37" count="26" type="stmt"/>
        <line num="38" count="26" type="stmt"/>
        <line num="41" count="46" type="stmt"/>
        <line num="42" count="26" type="stmt"/>
        <line num="45" count="46" type="stmt"/>
        <line num="61" count="4" type="stmt"/>
      </file>
    </package>
    <package name="src.components.CustomRanges">
      <metrics statements="8" coveredstatements="8" conditionals="0" coveredconditionals="0" methods="3" coveredmethods="3"/>
      <file name="CustomRanges.styles.ts" path="/Users/ujjwal.tiwari/Desktop/DateRangePicker/date-range-picker/src/components/CustomRanges/CustomRanges.styles.ts">
        <metrics statements="2" coveredstatements="2" conditionals="0" coveredconditionals="0" methods="0" coveredmethods="0"/>
        <line num="1" count="3" type="stmt"/>
        <line num="3" count="3" type="stmt"/>
      </file>
      <file name="CustomRanges.tsx" path="/Users/ujjwal.tiwari/Desktop/DateRangePicker/date-range-picker/src/components/CustomRanges/CustomRanges.tsx">
        <metrics statements="6" coveredstatements="6" conditionals="0" coveredconditionals="0" methods="3" coveredmethods="3"/>
        <line num="2" count="3" type="stmt"/>
        <line num="15" count="3" type="stmt"/>
        <line num="19" count="20" type="stmt"/>
        <line num="22" count="42" type="stmt"/>
        <line num="24" count="3" type="stmt"/>
        <line num="33" count="3" type="stmt"/>
      </file>
    </package>
    <package name="src.components.DateRangePicker">
      <metrics statements="142" coveredstatements="115" conditionals="46" coveredconditionals="31" methods="27" coveredmethods="19"/>
      <file name="DateRangePicker.styles.ts" path="/Users/ujjwal.tiwari/Desktop/DateRangePicker/date-range-picker/src/components/DateRangePicker/DateRangePicker.styles.ts">
        <metrics statements="7" coveredstatements="7" conditionals="0" coveredconditionals="0" methods="0" coveredmethods="0"/>
        <line num="1" count="2" type="stmt"/>
        <line num="3" count="2" type="stmt"/>
        <line num="9" count="2" type="stmt"/>
        <line num="15" count="2" type="stmt"/>
        <line num="36" count="2" type="stmt"/>
        <line num="45" count="2" type="stmt"/>
        <line num="52" count="2" type="stmt"/>
      </file>
      <file name="DateRangePicker.tsx" path="/Users/ujjwal.tiwari/Desktop/DateRangePicker/date-range-picker/src/components/DateRangePicker/DateRangePicker.tsx">
        <metrics statements="99" coveredstatements="72" conditionals="31" coveredconditionals="16" methods="23" coveredmethods="15"/>
        <line num="1" count="2" type="stmt"/>
        <line num="8" count="2" type="stmt"/>
        <line num="9" count="2" type="stmt"/>
        <line num="10" count="2" type="stmt"/>
        <line num="11" count="2" type="stmt"/>
        <line num="20" count="2" type="stmt"/>
        <line num="26" count="2" type="stmt"/>
        <line num="28" count="2" type="stmt"/>
        <line num="32" count="48" type="stmt"/>
        <line num="33" count="48" type="stmt"/>
        <line num="34" count="48" type="stmt"/>
        <line num="36" count="48" type="stmt"/>
        <line num="38" count="48" type="stmt"/>
        <line num="39" count="19" type="stmt"/>
        <line num="42" count="48" type="stmt"/>
        <line num="43" count="24" type="stmt"/>
        <line num="44" count="24" type="stmt"/>
        <line num="45" count="24" type="stmt"/>
        <line num="49" count="48" type="stmt"/>
        <line num="50" count="0" type="stmt"/>
        <line num="52" count="0" type="stmt"/>
        <line num="53" count="0" type="stmt"/>
        <line num="55" count="0" type="cond" truecount="0" falsecount="1"/>
        <line num="56" count="0" type="stmt"/>
        <line num="60" count="48" type="stmt"/>
        <line num="61" count="0" type="stmt"/>
        <line num="64" count="0" type="cond" truecount="0" falsecount="1"/>
        <line num="65" count="0" type="stmt"/>
        <line num="68" count="0" type="stmt"/>
        <line num="69" count="0" type="stmt"/>
        <line num="73" count="48" type="stmt"/>
        <line num="74" count="0" type="stmt"/>
        <line num="75" count="0" type="stmt"/>
        <line num="78" count="48" type="stmt"/>
        <line num="79" count="0" type="stmt"/>
        <line num="80" count="0" type="stmt"/>
        <line num="83" count="48" type="stmt"/>
        <line num="84" count="2" type="stmt"/>
        <line num="87" count="48" type="stmt"/>
        <line num="88" count="1" type="stmt"/>
        <line num="89" count="1" type="stmt"/>
        <line num="92" count="48" type="stmt"/>
        <line num="93" count="0" type="cond" truecount="0" falsecount="3"/>
        <line num="94" count="0" type="stmt"/>
        <line num="98" count="48" type="stmt"/>
        <line num="99" count="4" type="cond" truecount="0" falsecount="1"/>
        <line num="100" count="0" type="stmt"/>
        <line num="103" count="4" type="stmt"/>
        <line num="106" count="48" type="stmt"/>
        <line num="107" count="0" type="stmt"/>
        <line num="108" count="0" type="stmt"/>
        <line num="111" count="48" type="stmt"/>
        <line num="112" count="1" type="stmt"/>
        <line num="115" count="48" type="stmt"/>
        <line num="116" count="19" type="cond" truecount="4" falsecount="0"/>
        <line num="117" count="2" type="stmt"/>
        <line num="118" count="2" type="stmt"/>
        <line num="120" count="2" type="stmt"/>
        <line num="124" count="2" type="stmt"/>
        <line num="126" count="17" type="stmt"/>
        <line num="127" count="17" type="stmt"/>
        <line num="131" count="48" type="stmt"/>
        <line num="132" count="24" type="cond" truecount="2" falsecount="0"/>
        <line num="133" count="8" type="stmt"/>
        <line num="135" count="16" type="stmt"/>
        <line num="139" count="48" type="stmt"/>
        <line num="140" count="40" type="stmt"/>
        <line num="143" count="48" type="stmt"/>
        <line num="144" count="0" type="cond" truecount="0" falsecount="3"/>
        <line num="145" count="0" type="stmt"/>
        <line num="149" count="48" type="stmt"/>
        <line num="150" count="0" type="cond" truecount="0" falsecount="1"/>
        <line num="154" count="0" type="stmt"/>
        <line num="155" count="0" type="stmt"/>
        <line num="162" count="48" type="stmt"/>
        <line num="163" count="4" type="cond" truecount="5" falsecount="0"/>
        <line num="164" count="2" type="stmt"/>
        <line num="165" count="2" type="stmt"/>
        <line num="166" count="2" type="cond" truecount="1" falsecount="1"/>
        <line num="167" count="0" type="stmt"/>
        <line num="168" count="0" type="stmt"/>
        <line num="170" count="2" type="stmt"/>
        <line num="174" count="48" type="stmt"/>
        <line num="175" count="1" type="cond" truecount="3" falsecount="0"/>
        <line num="176" count="1" type="stmt"/>
        <line num="180" count="1" type="stmt"/>
        <line num="184" count="1" type="stmt"/>
        <line num="188" count="48" type="stmt"/>
        <line num="189" count="1" type="stmt"/>
        <line num="190" count="1" type="stmt"/>
        <line num="192" count="1" type="stmt"/>
        <line num="193" count="1" type="cond" truecount="0" falsecount="1"/>
        <line num="194" count="0" type="stmt"/>
        <line num="196" count="1" type="stmt"/>
        <line num="199" count="1" type="stmt"/>
        <line num="202" count="48" type="stmt"/>
        <line num="219" count="48" type="stmt"/>
        <line num="222" count="8" type="stmt"/>
        <line num="273" count="2" type="stmt"/>
      </file>
      <file name="DateRangePicker.utils.ts" path="/Users/ujjwal.tiwari/Desktop/DateRangePicker/date-range-picker/src/components/DateRangePicker/DateRangePicker.utils.ts">
        <metrics statements="36" coveredstatements="36" conditionals="15" coveredconditionals="15" methods="4" coveredmethods="4"/>
        <line num="8" count="3" type="stmt"/>
        <line num="10" count="3" type="stmt"/>
        <line num="14" count="46" type="cond" truecount="10" falsecount="0"/>
        <line num="16" count="3" type="stmt"/>
        <line num="18" count="5" type="stmt"/>
        <line num="20" count="11" type="stmt"/>
        <line num="22" count="20" type="stmt"/>
        <line num="24" count="1" type="stmt"/>
        <line num="26" count="1" type="stmt"/>
        <line num="28" count="1" type="stmt"/>
        <line num="30" count="1" type="stmt"/>
        <line num="32" count="2" type="stmt"/>
        <line num="42" count="1" type="stmt"/>
        <line num="46" count="3" type="stmt"/>
        <line num="57" count="3" type="stmt"/>
        <line num="60" count="48" type="stmt"/>
        <line num="62" count="48" type="stmt"/>
        <line num="64" count="48" type="stmt"/>
        <line num="65" count="104" type="stmt"/>
        <line num="67" count="104" type="cond" truecount="2" falsecount="0"/>
        <line num="68" count="14" type="stmt"/>
        <line num="69" count="90" type="cond" truecount="2" falsecount="0"/>
        <line num="70" count="7" type="stmt"/>
        <line num="71" count="83" type="cond" truecount="1" falsecount="0"/>
        <line num="72" count="7" type="stmt"/>
        <line num="76" count="104" type="stmt"/>
        <line num="77" count="173" type="stmt"/>
        <line num="80" count="104" type="stmt"/>
        <line num="83" count="104" type="stmt"/>
        <line num="84" count="208" type="stmt"/>
        <line num="87" count="104" type="stmt"/>
        <line num="95" count="3" type="stmt"/>
        <line num="96" count="10" type="stmt"/>
        <line num="97" count="10" type="stmt"/>
        <line num="98" count="10" type="stmt"/>
        <line num="100" count="10" type="stmt"/>
      </file>
    </package>
    <package name="src.components.shared.Modal">
      <metrics statements="11" coveredstatements="11" conditionals="3" coveredconditionals="3" methods="2" coveredmethods="2"/>
      <file name="Modal.styles.ts" path="/Users/ujjwal.tiwari/Desktop/DateRangePicker/date-range-picker/src/components/shared/Modal/Modal.styles.ts">
        <metrics statements="5" coveredstatements="5" conditionals="0" coveredconditionals="0" methods="0" coveredmethods="0"/>
        <line num="1" count="2" type="stmt"/>
        <line num="3" count="2" type="stmt"/>
        <line num="16" count="2" type="stmt"/>
        <line num="28" count="2" type="stmt"/>
        <line num="34" count="2" type="stmt"/>
      </file>
      <file name="Modal.tsx" path="/Users/ujjwal.tiwari/Desktop/DateRangePicker/date-range-picker/src/components/shared/Modal/Modal.tsx">
        <metrics statements="6" coveredstatements="6" conditionals="3" coveredconditionals="3" methods="2" coveredmethods="2"/>
        <line num="2" count="2" type="stmt"/>
        <line num="25" count="2" type="stmt"/>
        <line num="32" count="48" type="cond" truecount="1" falsecount="0"/>
        <line num="34" count="18" type="stmt"/>
        <line num="42" count="36" type="stmt"/>
        <line num="58" count="2" type="stmt"/>
      </file>
    </package>
    <package name="src.components.shared.Select">
      <metrics statements="15" coveredstatements="15" conditionals="0" coveredconditionals="0" methods="4" coveredmethods="4"/>
      <file name="Select.styles.ts" path="/Users/ujjwal.tiwari/Desktop/DateRangePicker/date-range-picker/src/components/shared/Select/Select.styles.ts">
        <metrics statements="4" coveredstatements="4" conditionals="0" coveredconditionals="0" methods="0" coveredmethods="0"/>
        <line num="1" count="4" type="stmt"/>
        <line num="3" count="4" type="stmt"/>
        <line num="8" count="4" type="stmt"/>
        <line num="26" count="4" type="stmt"/>
      </file>
      <file name="Select.tsx" path="/Users/ujjwal.tiwari/Desktop/DateRangePicker/date-range-picker/src/components/shared/Select/Select.tsx">
        <metrics statements="11" coveredstatements="11" conditionals="0" coveredconditionals="0" methods="4" coveredmethods="4"/>
        <line num="1" count="4" type="stmt"/>
        <line num="2" count="4" type="stmt"/>
        <line num="10" count="4" type="stmt"/>
        <line num="11" count="92" type="stmt"/>
        <line num="12" count="52" type="stmt"/>
        <line num="13" count="2912" type="stmt"/>
        <line num="19" count="92" type="stmt"/>
        <line num="20" count="4" type="stmt"/>
        <line num="21" count="4" type="stmt"/>
        <line num="24" count="92" type="stmt"/>
        <line num="34" count="4" type="stmt"/>
      </file>
    </package>
  </project>
</coverage>
