{"/Users/ujjwal.tiwari/Desktop/DateRangePicker/date-range-picker/src/App.tsx": {"path":"/Users/ujjwal.tiwari/Desktop/DateRangePicker/date-range-picker/src/App.tsx","statementMap":{"0":{"start":{"line":2,"column":0},"end":{"line":2,"column":75}},"1":{"start":{"line":4,"column":22},"end":{"line":33,"column":1}},"2":{"start":{"line":5,"column":32},"end":{"line":11,"column":3}},"3":{"start":{"line":9,"column":4},"end":{"line":9,"column":50}},"4":{"start":{"line":10,"column":4},"end":{"line":10,"column":48}},"5":{"start":{"line":13,"column":33},"end":{"line":19,"column":4}},"6":{"start":{"line":21,"column":2},"end":{"line":32,"column":4}},"7":{"start":{"line":35,"column":0},"end":{"line":35,"column":19}}},"fnMap":{"0":{"name":"(anonymous_0)","decl":{"start":{"line":4,"column":22},"end":{"line":4,"column":25}},"loc":{"start":{"line":4,"column":27},"end":{"line":33,"column":1}}},"1":{"name":"(anonymous_1)","decl":{"start":{"line":5,"column":32},"end":{"line":5,"column":null}},"loc":{"start":{"line":8,"column":6},"end":{"line":11,"column":3}}}},"branchMap":{},"s":{"0":1,"1":1,"2":3,"3":0,"4":0,"5":3,"6":3,"7":1},"f":{"0":3,"1":0},"b":{}}
,"/Users/ujjwal.tiwari/Desktop/DateRangePicker/date-range-picker/src/components/Calendar/Calendar.styles.ts": {"path":"/Users/ujjwal.tiwari/Desktop/DateRangePicker/date-range-picker/src/components/Calendar/Calendar.styles.ts","statementMap":{"0":{"start":{"line":1,"column":0},"end":{"line":1,"column":39}},"1":{"start":{"line":3,"column":13},"end":{"line":8,"column":2}},"2":{"start":{"line":10,"column":13},"end":{"line":19,"column":2}},"3":{"start":{"line":21,"column":13},"end":{"line":53,"column":2}}},"fnMap":{},"branchMap":{},"s":{"0":3,"1":3,"2":3,"3":3},"f":{},"b":{}}
,"/Users/ujjwal.tiwari/Desktop/DateRangePicker/date-range-picker/src/components/Calendar/Calendar.tsx": {"path":"/Users/ujjwal.tiwari/Desktop/DateRangePicker/date-range-picker/src/components/Calendar/Calendar.tsx","statementMap":{"0":{"start":{"line":1,"column":0},"end":{"line":1,"column":36}},"1":{"start":{"line":4,"column":0},"end":{"line":4,"column":null}},"2":{"start":{"line":9,"column":0},"end":{"line":9,"column":61}},"3":{"start":{"line":10,"column":0},"end":{"line":10,"column":60}},"4":{"start":{"line":12,"column":41},"end":{"line":96,"column":1}},"5":{"start":{"line":22,"column":22},"end":{"line":22,"column":63}},"6":{"start":{"line":23,"column":19},"end":{"line":23,"column":66}},"7":{"start":{"line":25,"column":26},"end":{"line":74,"column":4}},"8":{"start":{"line":26,"column":25},"end":{"line":26,"column":27}},"9":{"start":{"line":28,"column":4},"end":{"line":32,"column":5}},"10":{"start":{"line":28,"column":17},"end":{"line":28,"column":18}},"11":{"start":{"line":29,"column":6},"end":{"line":31,"column":8}},"12":{"start":{"line":35,"column":4},"end":{"line":62,"column":5}},"13":{"start":{"line":35,"column":19},"end":{"line":35,"column":20}},"14":{"start":{"line":36,"column":19},"end":{"line":36,"column":59}},"15":{"start":{"line":40,"column":8},"end":{"line":41,"column":67}},"16":{"start":{"line":45,"column":8},"end":{"line":49,"column":24}},"17":{"start":{"line":51,"column":6},"end":{"line":61,"column":8}},"18":{"start":{"line":57,"column":25},"end":{"line":57,"column":46}},"19":{"start":{"line":64,"column":4},"end":{"line":64,"column":24}},"20":{"start":{"line":76,"column":2},"end":{"line":95,"column":4}},"21":{"start":{"line":87,"column":10},"end":{"line":87,"column":25}},"22":{"start":{"line":98,"column":0},"end":{"line":98,"column":24}}},"fnMap":{"0":{"name":"(anonymous_0)","decl":{"start":{"line":12,"column":41},"end":{"line":12,"column":42}},"loc":{"start":{"line":21,"column":5},"end":{"line":96,"column":1}}},"1":{"name":"(anonymous_1)","decl":{"start":{"line":25,"column":34},"end":{"line":25,"column":37}},"loc":{"start":{"line":25,"column":39},"end":{"line":65,"column":3}}},"2":{"name":"(anonymous_2)","decl":{"start":{"line":57,"column":19},"end":{"line":57,"column":22}},"loc":{"start":{"line":57,"column":25},"end":{"line":57,"column":46}}},"3":{"name":"(anonymous_3)","decl":{"start":{"line":86,"column":22},"end":{"line":86,"column":23}},"loc":{"start":{"line":87,"column":10},"end":{"line":87,"column":25}}}},"branchMap":{"0":{"loc":{"start":{"line":40,"column":8},"end":{"line":41,"column":67}},"type":"binary-expr","locations":[{"start":{"line":40,"column":9},"end":{"line":40,"column":18}},{"start":{"line":40,"column":22},"end":{"line":40,"column":70}},{"start":{"line":41,"column":9},"end":{"line":41,"column":16}},{"start":{"line":41,"column":20},"end":{"line":41,"column":66}}]},"1":{"loc":{"start":{"line":45,"column":8},"end":{"line":49,"column":24}},"type":"binary-expr","locations":[{"start":{"line":45,"column":8},"end":{"line":45,"column":17}},{"start":{"line":46,"column":8},"end":{"line":46,"column":15}},{"start":{"line":47,"column":8},"end":{"line":47,"column":24}},{"start":{"line":48,"column":8},"end":{"line":48,"column":22}},{"start":{"line":49,"column":8},"end":{"line":49,"column":24}}]},"2":{"loc":{"start":{"line":54,"column":37},"end":{"line":54,"column":69}},"type":"cond-expr","locations":[{"start":{"line":54,"column":55},"end":{"line":54,"column":64}},{"start":{"line":54,"column":67},"end":{"line":54,"column":69}}]},"3":{"loc":{"start":{"line":55,"column":12},"end":{"line":55,"column":null}},"type":"cond-expr","locations":[{"start":{"line":55,"column":25},"end":{"line":55,"column":35}},{"start":{"line":55,"column":38},"end":{"line":55,"column":null}}]},"4":{"loc":{"start":{"line":56,"column":14},"end":{"line":56,"column":41}},"type":"cond-expr","locations":[{"start":{"line":56,"column":26},"end":{"line":56,"column":36}},{"start":{"line":56,"column":39},"end":{"line":56,"column":41}}]}},"s":{"0":3,"1":3,"2":3,"3":3,"4":3,"5":41,"6":41,"7":41,"8":41,"9":41,"10":41,"11":146,"12":41,"13":41,"14":1248,"15":1248,"16":1248,"17":1248,"18":5,"19":41,"20":41,"21":287,"22":3},"f":{"0":41,"1":41,"2":5,"3":287},"b":{"0":[1248,638,1235,385],"1":[1248,638,394,264,45],"2":[364,884],"3":[18,1230],"4":[30,1218]}}
,"/Users/ujjwal.tiwari/Desktop/DateRangePicker/date-range-picker/src/components/Calendar/calendar.utils.ts": {"path":"/Users/ujjwal.tiwari/Desktop/DateRangePicker/date-range-picker/src/components/Calendar/calendar.utils.ts","statementMap":{"0":{"start":{"line":1,"column":30},"end":{"line":3,"column":1}},"1":{"start":{"line":2,"column":2},"end":{"line":2,"column":48}},"2":{"start":{"line":1,"column":13},"end":{"line":1,"column":30}},"3":{"start":{"line":5,"column":25},"end":{"line":8,"column":1}},"4":{"start":{"line":6,"column":14},"end":{"line":6,"column":27}},"5":{"start":{"line":7,"column":2},"end":{"line":7,"column":32}},"6":{"start":{"line":5,"column":13},"end":{"line":5,"column":25}},"7":{"start":{"line":10,"column":13},"end":{"line":10,"column":74}}},"fnMap":{"0":{"name":"(anonymous_0)","decl":{"start":{"line":1,"column":30},"end":{"line":1,"column":31}},"loc":{"start":{"line":1,"column":62},"end":{"line":3,"column":1}}},"1":{"name":"(anonymous_1)","decl":{"start":{"line":5,"column":25},"end":{"line":5,"column":26}},"loc":{"start":{"line":5,"column":40},"end":{"line":8,"column":1}}}},"branchMap":{"0":{"loc":{"start":{"line":7,"column":9},"end":{"line":7,"column":31}},"type":"binary-expr","locations":[{"start":{"line":7,"column":9},"end":{"line":7,"column":18}},{"start":{"line":7,"column":22},"end":{"line":7,"column":31}}]}},"s":{"0":4,"1":46,"2":4,"3":4,"4":1108,"5":1108,"6":4,"7":4},"f":{"0":46,"1":1108},"b":{"0":[1108,945]}}
,"/Users/ujjwal.tiwari/Desktop/DateRangePicker/date-range-picker/src/components/Calendar/CalendarHeader/CalendarHeader.styles.ts": {"path":"/Users/ujjwal.tiwari/Desktop/DateRangePicker/date-range-picker/src/components/Calendar/CalendarHeader/CalendarHeader.styles.ts","statementMap":{"0":{"start":{"line":1,"column":0},"end":{"line":1,"column":39}},"1":{"start":{"line":3,"column":13},"end":{"line":9,"column":2}},"2":{"start":{"line":11,"column":13},"end":{"line":14,"column":2}},"3":{"start":{"line":16,"column":13},"end":{"line":32,"column":2}},"4":{"start":{"line":34,"column":13},"end":{"line":42,"column":2}}},"fnMap":{},"branchMap":{},"s":{"0":4,"1":4,"2":4,"3":4,"4":4},"f":{},"b":{}}
,"/Users/ujjwal.tiwari/Desktop/DateRangePicker/date-range-picker/src/components/Calendar/CalendarHeader/CalendarHeader.tsx": {"path":"/Users/ujjwal.tiwari/Desktop/DateRangePicker/date-range-picker/src/components/Calendar/CalendarHeader/CalendarHeader.tsx","statementMap":{"0":{"start":{"line":1,"column":0},"end":{"line":1,"column":36}},"1":{"start":{"line":2,"column":0},"end":{"line":2,"column":null}},"2":{"start":{"line":16,"column":53},"end":{"line":67,"column":1}},"3":{"start":{"line":22,"column":26},"end":{"line":31,"column":8}},"4":{"start":{"line":23,"column":4},"end":{"line":30,"column":7}},"5":{"start":{"line":25,"column":16},"end":{"line":25,"column":49}},"6":{"start":{"line":27,"column":6},"end":{"line":27,"column":25}},"7":{"start":{"line":33,"column":27},"end":{"line":41,"column":19}},"8":{"start":{"line":34,"column":4},"end":{"line":40,"column":7}},"9":{"start":{"line":34,"column":48},"end":{"line":34,"column":49}},"10":{"start":{"line":35,"column":6},"end":{"line":35,"column":26}},"11":{"start":{"line":43,"column":23},"end":{"line":45,"column":3}},"12":{"start":{"line":44,"column":4},"end":{"line":44,"column":45}},"13":{"start":{"line":47,"column":24},"end":{"line":49,"column":3}},"14":{"start":{"line":48,"column":4},"end":{"line":48,"column":46}},"15":{"start":{"line":51,"column":2},"end":{"line":66,"column":4}},"16":{"start":{"line":69,"column":0},"end":{"line":69,"column":30}}},"fnMap":{"0":{"name":"(anonymous_0)","decl":{"start":{"line":16,"column":53},"end":{"line":16,"column":54}},"loc":{"start":{"line":21,"column":5},"end":{"line":67,"column":1}}},"1":{"name":"(anonymous_1)","decl":{"start":{"line":22,"column":34},"end":{"line":22,"column":37}},"loc":{"start":{"line":22,"column":39},"end":{"line":31,"column":3}}},"2":{"name":"(anonymous_2)","decl":{"start":{"line":25,"column":6},"end":{"line":25,"column":7}},"loc":{"start":{"line":25,"column":16},"end":{"line":25,"column":49}}},"3":{"name":"(anonymous_3)","decl":{"start":{"line":26,"column":10},"end":{"line":26,"column":11}},"loc":{"start":{"line":27,"column":6},"end":{"line":27,"column":25}}},"4":{"name":"(anonymous_4)","decl":{"start":{"line":33,"column":35},"end":{"line":33,"column":38}},"loc":{"start":{"line":33,"column":40},"end":{"line":41,"column":3}}},"5":{"name":"(anonymous_5)","decl":{"start":{"line":34,"column":38},"end":{"line":34,"column":39}},"loc":{"start":{"line":34,"column":48},"end":{"line":34,"column":49}}},"6":{"name":"(anonymous_6)","decl":{"start":{"line":34,"column":55},"end":{"line":34,"column":56}},"loc":{"start":{"line":35,"column":6},"end":{"line":35,"column":26}}},"7":{"name":"(anonymous_7)","decl":{"start":{"line":43,"column":23},"end":{"line":43,"column":24}},"loc":{"start":{"line":43,"column":67},"end":{"line":45,"column":3}}},"8":{"name":"(anonymous_8)","decl":{"start":{"line":47,"column":24},"end":{"line":47,"column":25}},"loc":{"start":{"line":47,"column":68},"end":{"line":49,"column":3}}}},"branchMap":{},"s":{"0":4,"1":4,"2":4,"3":46,"4":26,"5":2600,"6":2600,"7":46,"8":26,"9":312,"10":312,"11":46,"12":2,"13":46,"14":2,"15":46,"16":4},"f":{"0":46,"1":26,"2":2600,"3":2600,"4":26,"5":312,"6":312,"7":2,"8":2},"b":{}}
,"/Users/ujjwal.tiwari/Desktop/DateRangePicker/date-range-picker/src/components/CustomRanges/CustomRanges.styles.ts": {"path":"/Users/ujjwal.tiwari/Desktop/DateRangePicker/date-range-picker/src/components/CustomRanges/CustomRanges.styles.ts","statementMap":{"0":{"start":{"line":1,"column":0},"end":{"line":1,"column":39}},"1":{"start":{"line":3,"column":13},"end":{"line":17,"column":2}}},"fnMap":{},"branchMap":{},"s":{"0":3,"1":3},"f":{},"b":{}}
,"/Users/ujjwal.tiwari/Desktop/DateRangePicker/date-range-picker/src/components/CustomRanges/CustomRanges.tsx": {"path":"/Users/ujjwal.tiwari/Desktop/DateRangePicker/date-range-picker/src/components/CustomRanges/CustomRanges.tsx","statementMap":{"0":{"start":{"line":2,"column":0},"end":{"line":2,"column":60}},"1":{"start":{"line":15,"column":49},"end":{"line":31,"column":1}},"2":{"start":{"line":19,"column":2},"end":{"line":30,"column":4}},"3":{"start":{"line":22,"column":8},"end":{"line":23,"column":null}},"4":{"start":{"line":24,"column":25},"end":{"line":24,"column":71}},"5":{"start":{"line":33,"column":0},"end":{"line":33,"column":28}}},"fnMap":{"0":{"name":"(anonymous_0)","decl":{"start":{"line":15,"column":49},"end":{"line":15,"column":50}},"loc":{"start":{"line":18,"column":5},"end":{"line":31,"column":1}}},"1":{"name":"(anonymous_1)","decl":{"start":{"line":21,"column":28},"end":{"line":21,"column":29}},"loc":{"start":{"line":22,"column":8},"end":{"line":23,"column":null}}},"2":{"name":"(anonymous_2)","decl":{"start":{"line":24,"column":19},"end":{"line":24,"column":22}},"loc":{"start":{"line":24,"column":25},"end":{"line":24,"column":71}}}},"branchMap":{},"s":{"0":3,"1":3,"2":20,"3":43,"4":3,"5":3},"f":{"0":20,"1":43,"2":3},"b":{}}
,"/Users/ujjwal.tiwari/Desktop/DateRangePicker/date-range-picker/src/components/DateRangePicker/DateRangePicker.styles.ts": {"path":"/Users/ujjwal.tiwari/Desktop/DateRangePicker/date-range-picker/src/components/DateRangePicker/DateRangePicker.styles.ts","statementMap":{"0":{"start":{"line":1,"column":0},"end":{"line":1,"column":39}},"1":{"start":{"line":3,"column":13},"end":{"line":7,"column":2}},"2":{"start":{"line":9,"column":13},"end":{"line":13,"column":2}},"3":{"start":{"line":15,"column":13},"end":{"line":34,"column":2}},"4":{"start":{"line":36,"column":13},"end":{"line":43,"column":2}},"5":{"start":{"line":45,"column":13},"end":{"line":50,"column":2}},"6":{"start":{"line":52,"column":13},"end":{"line":54,"column":2}}},"fnMap":{},"branchMap":{},"s":{"0":2,"1":2,"2":2,"3":2,"4":2,"5":2,"6":2},"f":{},"b":{}}
,"/Users/ujjwal.tiwari/Desktop/DateRangePicker/date-range-picker/src/components/DateRangePicker/DateRangePicker.tsx": {"path":"/Users/ujjwal.tiwari/Desktop/DateRangePicker/date-range-picker/src/components/DateRangePicker/DateRangePicker.tsx","statementMap":{"0":{"start":{"line":1,"column":0},"end":{"line":1,"column":null}},"1":{"start":{"line":8,"column":0},"end":{"line":8,"column":44}},"2":{"start":{"line":9,"column":0},"end":{"line":9,"column":56}},"3":{"start":{"line":10,"column":0},"end":{"line":10,"column":55}},"4":{"start":{"line":11,"column":0},"end":{"line":11,"column":null}},"5":{"start":{"line":20,"column":0},"end":{"line":20,"column":null}},"6":{"start":{"line":26,"column":0},"end":{"line":26,"column":60}},"7":{"start":{"line":28,"column":56},"end":{"line":253,"column":1}},"8":{"start":{"line":32,"column":28},"end":{"line":32,"column":76}},"9":{"start":{"line":33,"column":56},"end":{"line":33,"column":71}},"10":{"start":{"line":34,"column":19},"end":{"line":34,"column":47}},"11":{"start":{"line":36,"column":26},"end":{"line":36,"column":68}},"12":{"start":{"line":38,"column":2},"end":{"line":40,"column":39}},"13":{"start":{"line":39,"column":4},"end":{"line":39,"column":26}},"14":{"start":{"line":42,"column":2},"end":{"line":47,"column":21}},"15":{"start":{"line":43,"column":4},"end":{"line":43,"column":33}},"16":{"start":{"line":44,"column":4},"end":{"line":46,"column":6}},"17":{"start":{"line":45,"column":6},"end":{"line":45,"column":35}},"18":{"start":{"line":49,"column":33},"end":{"line":51,"column":3}},"19":{"start":{"line":50,"column":4},"end":{"line":50,"column":58}},"20":{"start":{"line":53,"column":32},"end":{"line":55,"column":3}},"21":{"start":{"line":54,"column":4},"end":{"line":54,"column":56}},"22":{"start":{"line":57,"column":31},"end":{"line":60,"column":3}},"23":{"start":{"line":58,"column":4},"end":{"line":58,"column":56}},"24":{"start":{"line":59,"column":4},"end":{"line":59,"column":36}},"25":{"start":{"line":62,"column":30},"end":{"line":65,"column":3}},"26":{"start":{"line":63,"column":4},"end":{"line":63,"column":54}},"27":{"start":{"line":64,"column":4},"end":{"line":64,"column":42}},"28":{"start":{"line":67,"column":21},"end":{"line":69,"column":8}},"29":{"start":{"line":68,"column":4},"end":{"line":68,"column":61}},"30":{"start":{"line":71,"column":27},"end":{"line":74,"column":3}},"31":{"start":{"line":72,"column":4},"end":{"line":72,"column":23}},"32":{"start":{"line":73,"column":4},"end":{"line":73,"column":17}},"33":{"start":{"line":76,"column":29},"end":{"line":80,"column":3}},"34":{"start":{"line":77,"column":4},"end":{"line":79,"column":5}},"35":{"start":{"line":78,"column":6},"end":{"line":78,"column":19}},"36":{"start":{"line":82,"column":26},"end":{"line":88,"column":3}},"37":{"start":{"line":83,"column":4},"end":{"line":85,"column":5}},"38":{"start":{"line":84,"column":6},"end":{"line":84,"column":13}},"39":{"start":{"line":87,"column":4},"end":{"line":87,"column":30}},"40":{"start":{"line":90,"column":37},"end":{"line":93,"column":3}},"41":{"start":{"line":91,"column":4},"end":{"line":91,"column":61}},"42":{"start":{"line":92,"column":4},"end":{"line":92,"column":57}},"43":{"start":{"line":95,"column":27},"end":{"line":97,"column":8}},"44":{"start":{"line":96,"column":4},"end":{"line":96,"column":47}},"45":{"start":{"line":99,"column":30},"end":{"line":113,"column":3}},"46":{"start":{"line":100,"column":4},"end":{"line":112,"column":5}},"47":{"start":{"line":101,"column":30},"end":{"line":101,"column":57}},"48":{"start":{"line":102,"column":28},"end":{"line":102,"column":53}},"49":{"start":{"line":104,"column":6},"end":{"line":107,"column":9}},"50":{"start":{"line":108,"column":6},"end":{"line":108,"column":35}},"51":{"start":{"line":110,"column":6},"end":{"line":110,"column":60}},"52":{"start":{"line":111,"column":6},"end":{"line":111,"column":36}},"53":{"start":{"line":115,"column":37},"end":{"line":121,"column":3}},"54":{"start":{"line":116,"column":4},"end":{"line":120,"column":5}},"55":{"start":{"line":117,"column":6},"end":{"line":117,"column":65}},"56":{"start":{"line":119,"column":6},"end":{"line":119,"column":35}},"57":{"start":{"line":123,"column":37},"end":{"line":125,"column":3}},"58":{"start":{"line":124,"column":4},"end":{"line":124,"column":66}},"59":{"start":{"line":127,"column":35},"end":{"line":131,"column":3}},"60":{"start":{"line":128,"column":4},"end":{"line":130,"column":5}},"61":{"start":{"line":129,"column":6},"end":{"line":129,"column":76}},"62":{"start":{"line":133,"column":42},"end":{"line":144,"column":3}},"63":{"start":{"line":134,"column":4},"end":{"line":143,"column":5}},"64":{"start":{"line":138,"column":6},"end":{"line":138,"column":58}},"65":{"start":{"line":139,"column":6},"end":{"line":142,"column":9}},"66":{"start":{"line":146,"column":30},"end":{"line":156,"column":3}},"67":{"start":{"line":147,"column":4},"end":{"line":155,"column":5}},"68":{"start":{"line":148,"column":6},"end":{"line":148,"column":58}},"69":{"start":{"line":149,"column":6},"end":{"line":149,"column":56}},"70":{"start":{"line":150,"column":11},"end":{"line":155,"column":5}},"71":{"start":{"line":151,"column":6},"end":{"line":151,"column":67}},"72":{"start":{"line":152,"column":6},"end":{"line":152,"column":58}},"73":{"start":{"line":154,"column":6},"end":{"line":154,"column":56}},"74":{"start":{"line":158,"column":27},"end":{"line":170,"column":3}},"75":{"start":{"line":159,"column":4},"end":{"line":169,"column":5}},"76":{"start":{"line":160,"column":46},"end":{"line":163,"column":8}},"77":{"start":{"line":164,"column":37},"end":{"line":166,"column":null}},"78":{"start":{"line":168,"column":6},"end":{"line":168,"column":44}},"79":{"start":{"line":172,"column":26},"end":{"line":184,"column":3}},"80":{"start":{"line":173,"column":35},"end":{"line":173,"column":37}},"81":{"start":{"line":174,"column":24},"end":{"line":174,"column":43}},"82":{"start":{"line":176,"column":4},"end":{"line":181,"column":5}},"83":{"start":{"line":177,"column":6},"end":{"line":179,"column":7}},"84":{"start":{"line":178,"column":8},"end":{"line":178,"column":51}},"85":{"start":{"line":180,"column":6},"end":{"line":180,"column":53}},"86":{"start":{"line":183,"column":4},"end":{"line":183,"column":24}},"87":{"start":{"line":186,"column":39},"end":{"line":201,"column":4}},"88":{"start":{"line":203,"column":2},"end":{"line":252,"column":4}},"89":{"start":{"line":206,"column":23},"end":{"line":206,"column":71}},"90":{"start":{"line":255,"column":0},"end":{"line":255,"column":31}}},"fnMap":{"0":{"name":"(anonymous_0)","decl":{"start":{"line":28,"column":56},"end":{"line":28,"column":57}},"loc":{"start":{"line":31,"column":5},"end":{"line":253,"column":1}}},"1":{"name":"(anonymous_1)","decl":{"start":{"line":38,"column":12},"end":{"line":38,"column":15}},"loc":{"start":{"line":38,"column":17},"end":{"line":40,"column":3}}},"2":{"name":"(anonymous_2)","decl":{"start":{"line":42,"column":12},"end":{"line":42,"column":15}},"loc":{"start":{"line":42,"column":17},"end":{"line":47,"column":3}}},"3":{"name":"(anonymous_3)","decl":{"start":{"line":44,"column":11},"end":{"line":44,"column":14}},"loc":{"start":{"line":44,"column":16},"end":{"line":46,"column":5}}},"4":{"name":"(anonymous_4)","decl":{"start":{"line":49,"column":33},"end":{"line":49,"column":34}},"loc":{"start":{"line":49,"column":51},"end":{"line":51,"column":3}}},"5":{"name":"(anonymous_5)","decl":{"start":{"line":53,"column":32},"end":{"line":53,"column":33}},"loc":{"start":{"line":53,"column":49},"end":{"line":55,"column":3}}},"6":{"name":"(anonymous_6)","decl":{"start":{"line":57,"column":31},"end":{"line":57,"column":32}},"loc":{"start":{"line":57,"column":49},"end":{"line":60,"column":3}}},"7":{"name":"(anonymous_7)","decl":{"start":{"line":62,"column":30},"end":{"line":62,"column":31}},"loc":{"start":{"line":62,"column":47},"end":{"line":65,"column":3}}},"8":{"name":"(anonymous_8)","decl":{"start":{"line":67,"column":33},"end":{"line":67,"column":36}},"loc":{"start":{"line":67,"column":38},"end":{"line":69,"column":3}}},"9":{"name":"(anonymous_9)","decl":{"start":{"line":71,"column":27},"end":{"line":71,"column":30}},"loc":{"start":{"line":71,"column":32},"end":{"line":74,"column":3}}},"10":{"name":"(anonymous_10)","decl":{"start":{"line":76,"column":29},"end":{"line":76,"column":30}},"loc":{"start":{"line":76,"column":51},"end":{"line":80,"column":3}}},"11":{"name":"(anonymous_11)","decl":{"start":{"line":82,"column":26},"end":{"line":82,"column":27}},"loc":{"start":{"line":82,"column":41},"end":{"line":88,"column":3}}},"12":{"name":"(anonymous_12)","decl":{"start":{"line":90,"column":37},"end":{"line":90,"column":38}},"loc":{"start":{"line":90,"column":72},"end":{"line":93,"column":3}}},"13":{"name":"(anonymous_13)","decl":{"start":{"line":95,"column":39},"end":{"line":95,"column":42}},"loc":{"start":{"line":95,"column":44},"end":{"line":97,"column":3}}},"14":{"name":"(anonymous_14)","decl":{"start":{"line":99,"column":30},"end":{"line":99,"column":33}},"loc":{"start":{"line":99,"column":35},"end":{"line":113,"column":3}}},"15":{"name":"(anonymous_15)","decl":{"start":{"line":115,"column":37},"end":{"line":115,"column":40}},"loc":{"start":{"line":115,"column":42},"end":{"line":121,"column":3}}},"16":{"name":"(anonymous_16)","decl":{"start":{"line":123,"column":37},"end":{"line":123,"column":40}},"loc":{"start":{"line":123,"column":42},"end":{"line":125,"column":3}}},"17":{"name":"(anonymous_17)","decl":{"start":{"line":127,"column":35},"end":{"line":127,"column":36}},"loc":{"start":{"line":127,"column":53},"end":{"line":131,"column":3}}},"18":{"name":"(anonymous_18)","decl":{"start":{"line":133,"column":42},"end":{"line":133,"column":43}},"loc":{"start":{"line":133,"column":59},"end":{"line":144,"column":3}}},"19":{"name":"(anonymous_19)","decl":{"start":{"line":146,"column":30},"end":{"line":146,"column":31}},"loc":{"start":{"line":146,"column":45},"end":{"line":156,"column":3}}},"20":{"name":"(anonymous_20)","decl":{"start":{"line":158,"column":27},"end":{"line":158,"column":30}},"loc":{"start":{"line":158,"column":32},"end":{"line":170,"column":3}}},"21":{"name":"(anonymous_21)","decl":{"start":{"line":172,"column":26},"end":{"line":172,"column":27}},"loc":{"start":{"line":172,"column":61},"end":{"line":184,"column":3}}},"22":{"name":"(anonymous_22)","decl":{"start":{"line":206,"column":17},"end":{"line":206,"column":20}},"loc":{"start":{"line":206,"column":23},"end":{"line":206,"column":71}}}},"branchMap":{"0":{"loc":{"start":{"line":29,"column":2},"end":{"line":29,"column":23}},"type":"default-arg","locations":[{"start":{"line":29,"column":21},"end":{"line":29,"column":23}}]},"1":{"loc":{"start":{"line":77,"column":4},"end":{"line":79,"column":5}},"type":"if","locations":[{"start":{"line":77,"column":4},"end":{"line":79,"column":5}}]},"2":{"loc":{"start":{"line":77,"column":8},"end":{"line":77,"column":76}},"type":"binary-expr","locations":[{"start":{"line":77,"column":8},"end":{"line":77,"column":24}},{"start":{"line":77,"column":28},"end":{"line":77,"column":76}}]},"3":{"loc":{"start":{"line":83,"column":4},"end":{"line":85,"column":5}},"type":"if","locations":[{"start":{"line":83,"column":4},"end":{"line":85,"column":5}}]},"4":{"loc":{"start":{"line":100,"column":4},"end":{"line":112,"column":5}},"type":"if","locations":[{"start":{"line":100,"column":4},"end":{"line":112,"column":5}},{"start":{"line":109,"column":11},"end":{"line":112,"column":5}}]},"5":{"loc":{"start":{"line":100,"column":8},"end":{"line":100,"column":40}},"type":"binary-expr","locations":[{"start":{"line":100,"column":8},"end":{"line":100,"column":23}},{"start":{"line":100,"column":27},"end":{"line":100,"column":40}}]},"6":{"loc":{"start":{"line":116,"column":4},"end":{"line":120,"column":5}},"type":"if","locations":[{"start":{"line":116,"column":4},"end":{"line":120,"column":5}},{"start":{"line":118,"column":11},"end":{"line":120,"column":5}}]},"7":{"loc":{"start":{"line":128,"column":4},"end":{"line":130,"column":5}},"type":"if","locations":[{"start":{"line":128,"column":4},"end":{"line":130,"column":5}}]},"8":{"loc":{"start":{"line":128,"column":8},"end":{"line":128,"column":69}},"type":"binary-expr","locations":[{"start":{"line":128,"column":8},"end":{"line":128,"column":41}},{"start":{"line":128,"column":45},"end":{"line":128,"column":69}}]},"9":{"loc":{"start":{"line":134,"column":4},"end":{"line":143,"column":5}},"type":"if","locations":[{"start":{"line":134,"column":4},"end":{"line":143,"column":5}}]},"10":{"loc":{"start":{"line":135,"column":6},"end":{"line":136,"column":69}},"type":"binary-expr","locations":[{"start":{"line":135,"column":6},"end":{"line":135,"column":28}},{"start":{"line":136,"column":7},"end":{"line":136,"column":31}},{"start":{"line":136,"column":35},"end":{"line":136,"column":68}}]},"11":{"loc":{"start":{"line":147,"column":4},"end":{"line":155,"column":5}},"type":"if","locations":[{"start":{"line":147,"column":4},"end":{"line":155,"column":5}},{"start":{"line":150,"column":11},"end":{"line":155,"column":5}}]},"12":{"loc":{"start":{"line":147,"column":8},"end":{"line":147,"column":62}},"type":"binary-expr","locations":[{"start":{"line":147,"column":8},"end":{"line":147,"column":24}},{"start":{"line":147,"column":29},"end":{"line":147,"column":44}},{"start":{"line":147,"column":48},"end":{"line":147,"column":61}}]},"13":{"loc":{"start":{"line":150,"column":11},"end":{"line":155,"column":5}},"type":"if","locations":[{"start":{"line":150,"column":11},"end":{"line":155,"column":5}},{"start":{"line":153,"column":11},"end":{"line":155,"column":5}}]},"14":{"loc":{"start":{"line":159,"column":4},"end":{"line":169,"column":5}},"type":"if","locations":[{"start":{"line":159,"column":4},"end":{"line":169,"column":5}}]},"15":{"loc":{"start":{"line":159,"column":8},"end":{"line":159,"column":40}},"type":"binary-expr","locations":[{"start":{"line":159,"column":8},"end":{"line":159,"column":23}},{"start":{"line":159,"column":27},"end":{"line":159,"column":40}}]},"16":{"loc":{"start":{"line":177,"column":6},"end":{"line":179,"column":7}},"type":"if","locations":[{"start":{"line":177,"column":6},"end":{"line":179,"column":7}}]}},"s":{"0":2,"1":2,"2":2,"3":2,"4":2,"5":2,"6":2,"7":2,"8":48,"9":48,"10":48,"11":48,"12":48,"13":19,"14":48,"15":24,"16":24,"17":24,"18":48,"19":0,"20":48,"21":0,"22":48,"23":0,"24":0,"25":48,"26":0,"27":0,"28":48,"29":2,"30":48,"31":1,"32":1,"33":48,"34":0,"35":0,"36":48,"37":4,"38":0,"39":4,"40":48,"41":0,"42":0,"43":48,"44":1,"45":48,"46":19,"47":2,"48":2,"49":2,"50":2,"51":17,"52":17,"53":48,"54":24,"55":8,"56":16,"57":48,"58":40,"59":48,"60":0,"61":0,"62":48,"63":0,"64":0,"65":0,"66":48,"67":4,"68":2,"69":2,"70":2,"71":0,"72":0,"73":2,"74":48,"75":1,"76":1,"77":1,"78":1,"79":48,"80":1,"81":1,"82":1,"83":1,"84":0,"85":1,"86":1,"87":48,"88":48,"89":8,"90":2},"f":{"0":48,"1":19,"2":24,"3":24,"4":0,"5":0,"6":0,"7":0,"8":2,"9":1,"10":0,"11":4,"12":0,"13":1,"14":19,"15":24,"16":40,"17":0,"18":0,"19":4,"20":1,"21":1,"22":8},"b":{"0":[3],"1":[0],"2":[0,0],"3":[0],"4":[2,17],"5":[19,4],"6":[8,16],"7":[0],"8":[0,0],"9":[0],"10":[0,0,0],"11":[2,2],"12":[4,2,2],"13":[0,2],"14":[1],"15":[1,1],"16":[0]}}
,"/Users/ujjwal.tiwari/Desktop/DateRangePicker/date-range-picker/src/components/DateRangePicker/DateRangePicker.utils.ts": {"path":"/Users/ujjwal.tiwari/Desktop/DateRangePicker/date-range-picker/src/components/DateRangePicker/DateRangePicker.utils.ts","statementMap":{"0":{"start":{"line":9,"column":38},"end":{"line":43,"column":1}},"1":{"start":{"line":13,"column":2},"end":{"line":42,"column":3}},"2":{"start":{"line":15,"column":6},"end":{"line":15,"column":53}},"3":{"start":{"line":17,"column":6},"end":{"line":17,"column":51}},"4":{"start":{"line":19,"column":6},"end":{"line":19,"column":50}},"5":{"start":{"line":21,"column":6},"end":{"line":21,"column":57}},"6":{"start":{"line":23,"column":6},"end":{"line":23,"column":53}},"7":{"start":{"line":25,"column":6},"end":{"line":25,"column":54}},"8":{"start":{"line":27,"column":6},"end":{"line":27,"column":51}},"9":{"start":{"line":29,"column":6},"end":{"line":29,"column":52}},"10":{"start":{"line":31,"column":6},"end":{"line":39,"column":8}},"11":{"start":{"line":41,"column":6},"end":{"line":41,"column":19}},"12":{"start":{"line":9,"column":13},"end":{"line":9,"column":38}},"13":{"start":{"line":45,"column":13},"end":{"line":54,"column":2}},"14":{"start":{"line":56,"column":40},"end":{"line":78,"column":1}},"15":{"start":{"line":59,"column":16},"end":{"line":59,"column":26}},"16":{"start":{"line":61,"column":2},"end":{"line":77,"column":5}},"17":{"start":{"line":62,"column":22},"end":{"line":62,"column":37}},"18":{"start":{"line":64,"column":4},"end":{"line":70,"column":5}},"19":{"start":{"line":65,"column":6},"end":{"line":65,"column":55}},"20":{"start":{"line":66,"column":11},"end":{"line":70,"column":5}},"21":{"start":{"line":67,"column":6},"end":{"line":67,"column":59}},"22":{"start":{"line":68,"column":11},"end":{"line":70,"column":5}},"23":{"start":{"line":69,"column":6},"end":{"line":69,"column":64}},"24":{"start":{"line":72,"column":4},"end":{"line":76,"column":6}},"25":{"start":{"line":56,"column":13},"end":{"line":56,"column":40}},"26":{"start":{"line":80,"column":26},"end":{"line":86,"column":1}},"27":{"start":{"line":81,"column":15},"end":{"line":81,"column":33}},"28":{"start":{"line":82,"column":16},"end":{"line":82,"column":65}},"29":{"start":{"line":83,"column":14},"end":{"line":83,"column":56}},"30":{"start":{"line":85,"column":2},"end":{"line":85,"column":35}},"31":{"start":{"line":80,"column":13},"end":{"line":80,"column":26}}},"fnMap":{"0":{"name":"(anonymous_0)","decl":{"start":{"line":9,"column":38},"end":{"line":9,"column":null}},"loc":{"start":{"line":12,"column":26},"end":{"line":43,"column":1}}},"1":{"name":"(anonymous_1)","decl":{"start":{"line":56,"column":40},"end":{"line":56,"column":null}},"loc":{"start":{"line":58,"column":13},"end":{"line":78,"column":1}}},"2":{"name":"(anonymous_2)","decl":{"start":{"line":61,"column":20},"end":{"line":61,"column":21}},"loc":{"start":{"line":61,"column":64},"end":{"line":77,"column":3}}},"3":{"name":"(anonymous_3)","decl":{"start":{"line":80,"column":26},"end":{"line":80,"column":27}},"loc":{"start":{"line":80,"column":49},"end":{"line":86,"column":1}}}},"branchMap":{"0":{"loc":{"start":{"line":13,"column":2},"end":{"line":42,"column":3}},"type":"switch","locations":[{"start":{"line":14,"column":4},"end":{"line":15,"column":53}},{"start":{"line":16,"column":4},"end":{"line":17,"column":51}},{"start":{"line":18,"column":4},"end":{"line":19,"column":50}},{"start":{"line":20,"column":4},"end":{"line":21,"column":57}},{"start":{"line":22,"column":4},"end":{"line":23,"column":53}},{"start":{"line":24,"column":4},"end":{"line":25,"column":54}},{"start":{"line":26,"column":4},"end":{"line":27,"column":51}},{"start":{"line":28,"column":4},"end":{"line":29,"column":52}},{"start":{"line":30,"column":4},"end":{"line":39,"column":8}},{"start":{"line":40,"column":4},"end":{"line":41,"column":19}}]},"1":{"loc":{"start":{"line":64,"column":4},"end":{"line":70,"column":5}},"type":"if","locations":[{"start":{"line":64,"column":4},"end":{"line":70,"column":5}},{"start":{"line":66,"column":11},"end":{"line":70,"column":5}}]},"2":{"loc":{"start":{"line":66,"column":11},"end":{"line":70,"column":5}},"type":"if","locations":[{"start":{"line":66,"column":11},"end":{"line":70,"column":5}},{"start":{"line":68,"column":11},"end":{"line":70,"column":5}}]},"3":{"loc":{"start":{"line":68,"column":11},"end":{"line":70,"column":5}},"type":"if","locations":[{"start":{"line":68,"column":11},"end":{"line":70,"column":5}}]}},"s":{"0":3,"1":46,"2":3,"3":5,"4":11,"5":20,"6":1,"7":1,"8":1,"9":1,"10":2,"11":1,"12":3,"13":3,"14":3,"15":48,"16":48,"17":111,"18":111,"19":14,"20":97,"21":7,"22":90,"23":7,"24":111,"25":3,"26":3,"27":10,"28":10,"29":10,"30":10,"31":3},"f":{"0":46,"1":48,"2":111,"3":10},"b":{"0":[3,5,11,20,1,1,1,1,2,1],"1":[14,97],"2":[7,90],"3":[7]}}
,"/Users/ujjwal.tiwari/Desktop/DateRangePicker/date-range-picker/src/components/shared/Modal/Modal.styles.ts": {"path":"/Users/ujjwal.tiwari/Desktop/DateRangePicker/date-range-picker/src/components/shared/Modal/Modal.styles.ts","statementMap":{"0":{"start":{"line":1,"column":0},"end":{"line":1,"column":39}},"1":{"start":{"line":3,"column":13},"end":{"line":14,"column":2}},"2":{"start":{"line":16,"column":13},"end":{"line":26,"column":2}},"3":{"start":{"line":28,"column":13},"end":{"line":32,"column":2}},"4":{"start":{"line":34,"column":13},"end":{"line":60,"column":2}}},"fnMap":{},"branchMap":{},"s":{"0":2,"1":2,"2":2,"3":2,"4":2},"f":{},"b":{}}
,"/Users/ujjwal.tiwari/Desktop/DateRangePicker/date-range-picker/src/components/shared/Modal/Modal.tsx": {"path":"/Users/ujjwal.tiwari/Desktop/DateRangePicker/date-range-picker/src/components/shared/Modal/Modal.tsx","statementMap":{"0":{"start":{"line":2,"column":0},"end":{"line":2,"column":null}},"1":{"start":{"line":25,"column":35},"end":{"line":56,"column":1}},"2":{"start":{"line":32,"column":2},"end":{"line":32,"column":27}},"3":{"start":{"line":32,"column":15},"end":{"line":32,"column":27}},"4":{"start":{"line":34,"column":2},"end":{"line":55,"column":4}},"5":{"start":{"line":42,"column":14},"end":{"line":43,"column":null}},"6":{"start":{"line":58,"column":0},"end":{"line":58,"column":21}}},"fnMap":{"0":{"name":"(anonymous_0)","decl":{"start":{"line":25,"column":35},"end":{"line":25,"column":36}},"loc":{"start":{"line":31,"column":5},"end":{"line":56,"column":1}}},"1":{"name":"(anonymous_1)","decl":{"start":{"line":41,"column":31},"end":{"line":41,"column":32}},"loc":{"start":{"line":42,"column":14},"end":{"line":43,"column":null}}}},"branchMap":{"0":{"loc":{"start":{"line":32,"column":2},"end":{"line":32,"column":27}},"type":"if","locations":[{"start":{"line":32,"column":2},"end":{"line":32,"column":27}}]},"1":{"loc":{"start":{"line":39,"column":9},"end":{"line":51,"column":null}},"type":"binary-expr","locations":[{"start":{"line":39,"column":9},"end":{"line":39,"column":22}},{"start":{"line":40,"column":10},"end":{"line":50,"column":null}}]}},"s":{"0":2,"1":2,"2":48,"3":30,"4":18,"5":36,"6":2},"f":{"0":48,"1":36},"b":{"0":[30],"1":[18,18]}}
}
