{"/Users/ujjwal.tiwari/Desktop/DateRangePicker/date-range-picker/src/App.tsx": {"path":"/Users/ujjwal.tiwari/Desktop/DateRangePicker/date-range-picker/src/App.tsx","statementMap":{"0":{"start":{"line":2,"column":0},"end":{"line":2,"column":75}},"1":{"start":{"line":4,"column":22},"end":{"line":36,"column":1}},"2":{"start":{"line":5,"column":32},"end":{"line":11,"column":3}},"3":{"start":{"line":9,"column":4},"end":{"line":9,"column":50}},"4":{"start":{"line":10,"column":4},"end":{"line":10,"column":48}},"5":{"start":{"line":13,"column":33},"end":{"line":18,"column":4}},"6":{"start":{"line":20,"column":2},"end":{"line":35,"column":4}},"7":{"start":{"line":38,"column":0},"end":{"line":38,"column":19}}},"fnMap":{"0":{"name":"(anonymous_0)","decl":{"start":{"line":4,"column":22},"end":{"line":4,"column":25}},"loc":{"start":{"line":4,"column":27},"end":{"line":36,"column":1}}},"1":{"name":"(anonymous_1)","decl":{"start":{"line":5,"column":32},"end":{"line":5,"column":null}},"loc":{"start":{"line":8,"column":6},"end":{"line":11,"column":3}}}},"branchMap":{},"s":{"0":1,"1":1,"2":3,"3":0,"4":0,"5":3,"6":3,"7":1},"f":{"0":3,"1":0},"b":{}}
,"/Users/ujjwal.tiwari/Desktop/DateRangePicker/date-range-picker/src/components/Calendar/Calendar.styles.ts": {"path":"/Users/ujjwal.tiwari/Desktop/DateRangePicker/date-range-picker/src/components/Calendar/Calendar.styles.ts","statementMap":{"0":{"start":{"line":1,"column":0},"end":{"line":1,"column":39}},"1":{"start":{"line":3,"column":13},"end":{"line":8,"column":2}},"2":{"start":{"line":10,"column":13},"end":{"line":19,"column":2}},"3":{"start":{"line":21,"column":13},"end":{"line":57,"column":2}}},"fnMap":{},"branchMap":{},"s":{"0":3,"1":3,"2":3,"3":3},"f":{},"b":{}}
,"/Users/ujjwal.tiwari/Desktop/DateRangePicker/date-range-picker/src/components/Calendar/Calendar.tsx": {"path":"/Users/ujjwal.tiwari/Desktop/DateRangePicker/date-range-picker/src/components/Calendar/Calendar.tsx","statementMap":{"0":{"start":{"line":1,"column":0},"end":{"line":1,"column":49}},"1":{"start":{"line":3,"column":0},"end":{"line":3,"column":null}},"2":{"start":{"line":8,"column":0},"end":{"line":8,"column":61}},"3":{"start":{"line":9,"column":0},"end":{"line":9,"column":60}},"4":{"start":{"line":11,"column":41},"end":{"line":108,"column":1}},"5":{"start":{"line":22,"column":22},"end":{"line":22,"column":63}},"6":{"start":{"line":23,"column":19},"end":{"line":23,"column":66}},"7":{"start":{"line":25,"column":25},"end":{"line":29,"column":null}},"8":{"start":{"line":27,"column":6},"end":{"line":28,"column":65}},"9":{"start":{"line":32,"column":24},"end":{"line":39,"column":null}},"10":{"start":{"line":34,"column":6},"end":{"line":38,"column":22}},"11":{"start":{"line":42,"column":28},"end":{"line":69,"column":null}},"12":{"start":{"line":44,"column":19},"end":{"line":44,"column":59}},"13":{"start":{"line":45,"column":25},"end":{"line":45,"column":45}},"14":{"start":{"line":46,"column":24},"end":{"line":46,"column":43}},"15":{"start":{"line":47,"column":22},"end":{"line":47,"column":66}},"16":{"start":{"line":49,"column":6},"end":{"line":59,"column":8}},"17":{"start":{"line":55,"column":25},"end":{"line":55,"column":46}},"18":{"start":{"line":72,"column":29},"end":{"line":86,"column":48}},"19":{"start":{"line":73,"column":25},"end":{"line":73,"column":27}},"20":{"start":{"line":75,"column":4},"end":{"line":79,"column":5}},"21":{"start":{"line":75,"column":17},"end":{"line":75,"column":18}},"22":{"start":{"line":76,"column":6},"end":{"line":78,"column":8}},"23":{"start":{"line":81,"column":4},"end":{"line":83,"column":5}},"24":{"start":{"line":81,"column":19},"end":{"line":81,"column":20}},"25":{"start":{"line":82,"column":6},"end":{"line":82,"column":48}},"26":{"start":{"line":85,"column":4},"end":{"line":85,"column":24}},"27":{"start":{"line":88,"column":2},"end":{"line":107,"column":4}},"28":{"start":{"line":99,"column":10},"end":{"line":99,"column":25}},"29":{"start":{"line":110,"column":0},"end":{"line":110,"column":24}}},"fnMap":{"0":{"name":"(anonymous_0)","decl":{"start":{"line":11,"column":41},"end":{"line":11,"column":42}},"loc":{"start":{"line":21,"column":5},"end":{"line":108,"column":1}}},"1":{"name":"(anonymous_1)","decl":{"start":{"line":26,"column":4},"end":{"line":26,"column":5}},"loc":{"start":{"line":27,"column":6},"end":{"line":28,"column":65}}},"2":{"name":"(anonymous_2)","decl":{"start":{"line":33,"column":4},"end":{"line":33,"column":5}},"loc":{"start":{"line":34,"column":6},"end":{"line":38,"column":22}}},"3":{"name":"(anonymous_3)","decl":{"start":{"line":43,"column":4},"end":{"line":43,"column":5}},"loc":{"start":{"line":43,"column":20},"end":{"line":60,"column":5}}},"4":{"name":"(anonymous_4)","decl":{"start":{"line":55,"column":19},"end":{"line":55,"column":22}},"loc":{"start":{"line":55,"column":25},"end":{"line":55,"column":46}}},"5":{"name":"(anonymous_5)","decl":{"start":{"line":72,"column":37},"end":{"line":72,"column":40}},"loc":{"start":{"line":72,"column":42},"end":{"line":86,"column":3}}},"6":{"name":"(anonymous_6)","decl":{"start":{"line":98,"column":22},"end":{"line":98,"column":23}},"loc":{"start":{"line":99,"column":10},"end":{"line":99,"column":25}}}},"branchMap":{"0":{"loc":{"start":{"line":27,"column":6},"end":{"line":28,"column":65}},"type":"binary-expr","locations":[{"start":{"line":27,"column":7},"end":{"line":27,"column":16}},{"start":{"line":27,"column":20},"end":{"line":27,"column":68}},{"start":{"line":28,"column":7},"end":{"line":28,"column":14}},{"start":{"line":28,"column":18},"end":{"line":28,"column":64}}]},"1":{"loc":{"start":{"line":34,"column":6},"end":{"line":38,"column":22}},"type":"binary-expr","locations":[{"start":{"line":34,"column":6},"end":{"line":34,"column":15}},{"start":{"line":35,"column":6},"end":{"line":35,"column":13}},{"start":{"line":36,"column":6},"end":{"line":36,"column":22}},{"start":{"line":37,"column":6},"end":{"line":37,"column":20}},{"start":{"line":38,"column":6},"end":{"line":38,"column":22}}]},"2":{"loc":{"start":{"line":52,"column":37},"end":{"line":52,"column":69}},"type":"cond-expr","locations":[{"start":{"line":52,"column":55},"end":{"line":52,"column":64}},{"start":{"line":52,"column":67},"end":{"line":52,"column":69}}]},"3":{"loc":{"start":{"line":53,"column":12},"end":{"line":53,"column":null}},"type":"cond-expr","locations":[{"start":{"line":53,"column":25},"end":{"line":53,"column":35}},{"start":{"line":53,"column":38},"end":{"line":53,"column":null}}]},"4":{"loc":{"start":{"line":54,"column":14},"end":{"line":54,"column":41}},"type":"cond-expr","locations":[{"start":{"line":54,"column":26},"end":{"line":54,"column":36}},{"start":{"line":54,"column":39},"end":{"line":54,"column":41}}]},"5":{"loc":{"start":{"line":54,"column":45},"end":{"line":54,"column":67}},"type":"cond-expr","locations":[{"start":{"line":54,"column":55},"end":{"line":54,"column":62}},{"start":{"line":54,"column":65},"end":{"line":54,"column":67}}]}},"s":{"0":3,"1":3,"2":3,"3":3,"4":3,"5":41,"6":41,"7":41,"8":1248,"9":41,"10":1248,"11":41,"12":1248,"13":1248,"14":1248,"15":1248,"16":1248,"17":5,"18":41,"19":41,"20":41,"21":41,"22":146,"23":41,"24":41,"25":1248,"26":41,"27":41,"28":287,"29":3},"f":{"0":41,"1":1248,"2":1248,"3":1248,"4":5,"5":41,"6":287},"b":{"0":[1248,638,1235,385],"1":[1248,638,394,264,45],"2":[364,884],"3":[18,1230],"4":[30,1218],"5":[18,1230]}}
,"/Users/ujjwal.tiwari/Desktop/DateRangePicker/date-range-picker/src/components/Calendar/calendar.utils.ts": {"path":"/Users/ujjwal.tiwari/Desktop/DateRangePicker/date-range-picker/src/components/Calendar/calendar.utils.ts","statementMap":{"0":{"start":{"line":1,"column":30},"end":{"line":3,"column":1}},"1":{"start":{"line":2,"column":2},"end":{"line":2,"column":48}},"2":{"start":{"line":1,"column":13},"end":{"line":1,"column":30}},"3":{"start":{"line":5,"column":25},"end":{"line":8,"column":1}},"4":{"start":{"line":6,"column":14},"end":{"line":6,"column":27}},"5":{"start":{"line":7,"column":2},"end":{"line":7,"column":32}},"6":{"start":{"line":5,"column":13},"end":{"line":5,"column":25}},"7":{"start":{"line":10,"column":13},"end":{"line":10,"column":74}}},"fnMap":{"0":{"name":"(anonymous_0)","decl":{"start":{"line":1,"column":30},"end":{"line":1,"column":31}},"loc":{"start":{"line":1,"column":62},"end":{"line":3,"column":1}}},"1":{"name":"(anonymous_1)","decl":{"start":{"line":5,"column":25},"end":{"line":5,"column":26}},"loc":{"start":{"line":5,"column":40},"end":{"line":8,"column":1}}}},"branchMap":{"0":{"loc":{"start":{"line":7,"column":9},"end":{"line":7,"column":31}},"type":"binary-expr","locations":[{"start":{"line":7,"column":9},"end":{"line":7,"column":18}},{"start":{"line":7,"column":22},"end":{"line":7,"column":31}}]}},"s":{"0":4,"1":46,"2":4,"3":4,"4":1108,"5":1108,"6":4,"7":4},"f":{"0":46,"1":1108},"b":{"0":[1108,945]}}
,"/Users/ujjwal.tiwari/Desktop/DateRangePicker/date-range-picker/src/components/Calendar/CalendarHeader/CalendarHeader.styles.ts": {"path":"/Users/ujjwal.tiwari/Desktop/DateRangePicker/date-range-picker/src/components/Calendar/CalendarHeader/CalendarHeader.styles.ts","statementMap":{"0":{"start":{"line":1,"column":0},"end":{"line":1,"column":39}},"1":{"start":{"line":3,"column":13},"end":{"line":9,"column":2}},"2":{"start":{"line":11,"column":13},"end":{"line":14,"column":2}},"3":{"start":{"line":16,"column":13},"end":{"line":32,"column":2}},"4":{"start":{"line":34,"column":13},"end":{"line":42,"column":2}}},"fnMap":{},"branchMap":{},"s":{"0":4,"1":4,"2":4,"3":4,"4":4},"f":{},"b":{}}
,"/Users/ujjwal.tiwari/Desktop/DateRangePicker/date-range-picker/src/components/Calendar/CalendarHeader/CalendarHeader.tsx": {"path":"/Users/ujjwal.tiwari/Desktop/DateRangePicker/date-range-picker/src/components/Calendar/CalendarHeader/CalendarHeader.tsx","statementMap":{"0":{"start":{"line":73,"column":0},"end":{"line":73,"column":36}},"1":{"start":{"line":74,"column":0},"end":{"line":74,"column":64}},"2":{"start":{"line":75,"column":0},"end":{"line":75,"column":48}},"3":{"start":{"line":84,"column":53},"end":{"line":131,"column":1}},"4":{"start":{"line":90,"column":31},"end":{"line":95,"column":3}},"5":{"start":{"line":91,"column":4},"end":{"line":94,"column":7}},"6":{"start":{"line":92,"column":19},"end":{"line":92,"column":32}},"7":{"start":{"line":93,"column":6},"end":{"line":93,"column":50}},"8":{"start":{"line":97,"column":32},"end":{"line":105,"column":3}},"9":{"start":{"line":98,"column":4},"end":{"line":104,"column":7}},"10":{"start":{"line":99,"column":20},"end":{"line":99,"column":21}},"11":{"start":{"line":100,"column":24},"end":{"line":102,"column":8}},"12":{"start":{"line":103,"column":6},"end":{"line":103,"column":48}},"13":{"start":{"line":107,"column":23},"end":{"line":111,"column":8}},"14":{"start":{"line":108,"column":22},"end":{"line":108,"column":51}},"15":{"start":{"line":109,"column":20},"end":{"line":109,"column":49}},"16":{"start":{"line":110,"column":4},"end":{"line":110,"column":52}},"17":{"start":{"line":113,"column":24},"end":{"line":115,"column":19}},"18":{"start":{"line":114,"column":4},"end":{"line":114,"column":46}},"19":{"start":{"line":117,"column":2},"end":{"line":130,"column":4}},"20":{"start":{"line":133,"column":0},"end":{"line":133,"column":30}}},"fnMap":{"0":{"name":"(anonymous_0)","decl":{"start":{"line":84,"column":53},"end":{"line":84,"column":54}},"loc":{"start":{"line":89,"column":5},"end":{"line":131,"column":1}}},"1":{"name":"(anonymous_1)","decl":{"start":{"line":90,"column":31},"end":{"line":90,"column":32}},"loc":{"start":{"line":90,"column":70},"end":{"line":95,"column":3}}},"2":{"name":"(anonymous_2)","decl":{"start":{"line":91,"column":59},"end":{"line":91,"column":60}},"loc":{"start":{"line":91,"column":68},"end":{"line":94,"column":5}}},"3":{"name":"(anonymous_3)","decl":{"start":{"line":97,"column":32},"end":{"line":97,"column":33}},"loc":{"start":{"line":97,"column":49},"end":{"line":105,"column":3}}},"4":{"name":"(anonymous_4)","decl":{"start":{"line":98,"column":38},"end":{"line":98,"column":39}},"loc":{"start":{"line":98,"column":47},"end":{"line":104,"column":5}}},"5":{"name":"(anonymous_5)","decl":{"start":{"line":107,"column":31},"end":{"line":107,"column":34}},"loc":{"start":{"line":107,"column":36},"end":{"line":111,"column":3}}},"6":{"name":"(anonymous_6)","decl":{"start":{"line":113,"column":32},"end":{"line":113,"column":35}},"loc":{"start":{"line":113,"column":37},"end":{"line":115,"column":3}}}},"branchMap":{},"s":{"0":4,"1":4,"2":4,"3":4,"4":46,"5":26,"6":2600,"7":2600,"8":46,"9":26,"10":312,"11":312,"12":312,"13":46,"14":26,"15":26,"16":26,"17":46,"18":26,"19":46,"20":4},"f":{"0":46,"1":26,"2":2600,"3":26,"4":312,"5":26,"6":26},"b":{}}
,"/Users/ujjwal.tiwari/Desktop/DateRangePicker/date-range-picker/src/components/CustomRanges/CustomRanges.styles.ts": {"path":"/Users/ujjwal.tiwari/Desktop/DateRangePicker/date-range-picker/src/components/CustomRanges/CustomRanges.styles.ts","statementMap":{"0":{"start":{"line":1,"column":0},"end":{"line":1,"column":39}},"1":{"start":{"line":3,"column":13},"end":{"line":17,"column":2}}},"fnMap":{},"branchMap":{},"s":{"0":3,"1":3},"f":{},"b":{}}
,"/Users/ujjwal.tiwari/Desktop/DateRangePicker/date-range-picker/src/components/CustomRanges/CustomRanges.tsx": {"path":"/Users/ujjwal.tiwari/Desktop/DateRangePicker/date-range-picker/src/components/CustomRanges/CustomRanges.tsx","statementMap":{"0":{"start":{"line":2,"column":0},"end":{"line":2,"column":60}},"1":{"start":{"line":15,"column":49},"end":{"line":31,"column":1}},"2":{"start":{"line":19,"column":2},"end":{"line":30,"column":4}},"3":{"start":{"line":22,"column":8},"end":{"line":23,"column":null}},"4":{"start":{"line":24,"column":25},"end":{"line":24,"column":71}},"5":{"start":{"line":33,"column":0},"end":{"line":33,"column":28}}},"fnMap":{"0":{"name":"(anonymous_0)","decl":{"start":{"line":15,"column":49},"end":{"line":15,"column":50}},"loc":{"start":{"line":18,"column":5},"end":{"line":31,"column":1}}},"1":{"name":"(anonymous_1)","decl":{"start":{"line":21,"column":28},"end":{"line":21,"column":29}},"loc":{"start":{"line":22,"column":8},"end":{"line":23,"column":null}}},"2":{"name":"(anonymous_2)","decl":{"start":{"line":24,"column":19},"end":{"line":24,"column":22}},"loc":{"start":{"line":24,"column":25},"end":{"line":24,"column":71}}}},"branchMap":{},"s":{"0":3,"1":3,"2":20,"3":42,"4":3,"5":3},"f":{"0":20,"1":42,"2":3},"b":{}}
,"/Users/ujjwal.tiwari/Desktop/DateRangePicker/date-range-picker/src/components/DateRangePicker/DateRangePicker.styles.ts": {"path":"/Users/ujjwal.tiwari/Desktop/DateRangePicker/date-range-picker/src/components/DateRangePicker/DateRangePicker.styles.ts","statementMap":{"0":{"start":{"line":1,"column":0},"end":{"line":1,"column":39}},"1":{"start":{"line":3,"column":13},"end":{"line":7,"column":2}},"2":{"start":{"line":9,"column":13},"end":{"line":13,"column":2}},"3":{"start":{"line":15,"column":13},"end":{"line":34,"column":2}},"4":{"start":{"line":36,"column":13},"end":{"line":43,"column":2}},"5":{"start":{"line":45,"column":13},"end":{"line":50,"column":2}},"6":{"start":{"line":52,"column":13},"end":{"line":54,"column":2}}},"fnMap":{},"branchMap":{},"s":{"0":2,"1":2,"2":2,"3":2,"4":2,"5":2,"6":2},"f":{},"b":{}}
,"/Users/ujjwal.tiwari/Desktop/DateRangePicker/date-range-picker/src/components/DateRangePicker/DateRangePicker.tsx": {"path":"/Users/ujjwal.tiwari/Desktop/DateRangePicker/date-range-picker/src/components/DateRangePicker/DateRangePicker.tsx","statementMap":{"0":{"start":{"line":1,"column":0},"end":{"line":1,"column":null}},"1":{"start":{"line":8,"column":0},"end":{"line":8,"column":44}},"2":{"start":{"line":9,"column":0},"end":{"line":9,"column":56}},"3":{"start":{"line":10,"column":0},"end":{"line":10,"column":55}},"4":{"start":{"line":11,"column":0},"end":{"line":11,"column":null}},"5":{"start":{"line":20,"column":0},"end":{"line":20,"column":null}},"6":{"start":{"line":26,"column":0},"end":{"line":26,"column":60}},"7":{"start":{"line":28,"column":56},"end":{"line":271,"column":1}},"8":{"start":{"line":32,"column":28},"end":{"line":32,"column":76}},"9":{"start":{"line":33,"column":56},"end":{"line":33,"column":71}},"10":{"start":{"line":34,"column":19},"end":{"line":34,"column":47}},"11":{"start":{"line":36,"column":26},"end":{"line":36,"column":68}},"12":{"start":{"line":38,"column":2},"end":{"line":40,"column":39}},"13":{"start":{"line":39,"column":4},"end":{"line":39,"column":26}},"14":{"start":{"line":42,"column":2},"end":{"line":47,"column":21}},"15":{"start":{"line":43,"column":4},"end":{"line":43,"column":33}},"16":{"start":{"line":44,"column":4},"end":{"line":46,"column":6}},"17":{"start":{"line":45,"column":6},"end":{"line":45,"column":35}},"18":{"start":{"line":49,"column":33},"end":{"line":58,"column":3}},"19":{"start":{"line":50,"column":4},"end":{"line":50,"column":58}},"20":{"start":{"line":52,"column":22},"end":{"line":52,"column":38}},"21":{"start":{"line":53,"column":4},"end":{"line":53,"column":60}},"22":{"start":{"line":55,"column":4},"end":{"line":57,"column":5}},"23":{"start":{"line":56,"column":6},"end":{"line":56,"column":69}},"24":{"start":{"line":60,"column":32},"end":{"line":71,"column":3}},"25":{"start":{"line":61,"column":4},"end":{"line":61,"column":56}},"26":{"start":{"line":64,"column":4},"end":{"line":70,"column":5}},"27":{"start":{"line":65,"column":6},"end":{"line":65,"column":56}},"28":{"start":{"line":68,"column":24},"end":{"line":68,"column":51}},"29":{"start":{"line":69,"column":6},"end":{"line":69,"column":62}},"30":{"start":{"line":73,"column":31},"end":{"line":76,"column":3}},"31":{"start":{"line":74,"column":4},"end":{"line":74,"column":56}},"32":{"start":{"line":75,"column":4},"end":{"line":75,"column":36}},"33":{"start":{"line":78,"column":30},"end":{"line":81,"column":3}},"34":{"start":{"line":79,"column":4},"end":{"line":79,"column":54}},"35":{"start":{"line":80,"column":4},"end":{"line":80,"column":42}},"36":{"start":{"line":83,"column":21},"end":{"line":85,"column":8}},"37":{"start":{"line":84,"column":4},"end":{"line":84,"column":61}},"38":{"start":{"line":87,"column":27},"end":{"line":90,"column":3}},"39":{"start":{"line":88,"column":4},"end":{"line":88,"column":23}},"40":{"start":{"line":89,"column":4},"end":{"line":89,"column":17}},"41":{"start":{"line":92,"column":29},"end":{"line":96,"column":3}},"42":{"start":{"line":93,"column":4},"end":{"line":95,"column":5}},"43":{"start":{"line":94,"column":6},"end":{"line":94,"column":19}},"44":{"start":{"line":98,"column":26},"end":{"line":104,"column":3}},"45":{"start":{"line":99,"column":4},"end":{"line":101,"column":5}},"46":{"start":{"line":100,"column":6},"end":{"line":100,"column":13}},"47":{"start":{"line":103,"column":4},"end":{"line":103,"column":30}},"48":{"start":{"line":106,"column":37},"end":{"line":109,"column":3}},"49":{"start":{"line":107,"column":4},"end":{"line":107,"column":61}},"50":{"start":{"line":108,"column":4},"end":{"line":108,"column":57}},"51":{"start":{"line":111,"column":27},"end":{"line":113,"column":8}},"52":{"start":{"line":112,"column":4},"end":{"line":112,"column":47}},"53":{"start":{"line":115,"column":30},"end":{"line":129,"column":3}},"54":{"start":{"line":116,"column":4},"end":{"line":128,"column":5}},"55":{"start":{"line":117,"column":30},"end":{"line":117,"column":57}},"56":{"start":{"line":118,"column":28},"end":{"line":118,"column":53}},"57":{"start":{"line":120,"column":6},"end":{"line":123,"column":9}},"58":{"start":{"line":124,"column":6},"end":{"line":124,"column":35}},"59":{"start":{"line":126,"column":6},"end":{"line":126,"column":60}},"60":{"start":{"line":127,"column":6},"end":{"line":127,"column":36}},"61":{"start":{"line":131,"column":37},"end":{"line":137,"column":3}},"62":{"start":{"line":132,"column":4},"end":{"line":136,"column":5}},"63":{"start":{"line":133,"column":6},"end":{"line":133,"column":65}},"64":{"start":{"line":135,"column":6},"end":{"line":135,"column":35}},"65":{"start":{"line":139,"column":37},"end":{"line":141,"column":3}},"66":{"start":{"line":140,"column":4},"end":{"line":140,"column":66}},"67":{"start":{"line":143,"column":35},"end":{"line":147,"column":3}},"68":{"start":{"line":144,"column":4},"end":{"line":146,"column":5}},"69":{"start":{"line":145,"column":6},"end":{"line":145,"column":76}},"70":{"start":{"line":149,"column":42},"end":{"line":160,"column":3}},"71":{"start":{"line":150,"column":4},"end":{"line":159,"column":5}},"72":{"start":{"line":154,"column":6},"end":{"line":154,"column":58}},"73":{"start":{"line":155,"column":6},"end":{"line":158,"column":9}},"74":{"start":{"line":162,"column":30},"end":{"line":172,"column":3}},"75":{"start":{"line":163,"column":4},"end":{"line":171,"column":5}},"76":{"start":{"line":164,"column":6},"end":{"line":164,"column":58}},"77":{"start":{"line":165,"column":6},"end":{"line":165,"column":56}},"78":{"start":{"line":166,"column":11},"end":{"line":171,"column":5}},"79":{"start":{"line":167,"column":6},"end":{"line":167,"column":67}},"80":{"start":{"line":168,"column":6},"end":{"line":168,"column":58}},"81":{"start":{"line":170,"column":6},"end":{"line":170,"column":56}},"82":{"start":{"line":174,"column":27},"end":{"line":186,"column":3}},"83":{"start":{"line":175,"column":4},"end":{"line":185,"column":5}},"84":{"start":{"line":176,"column":46},"end":{"line":179,"column":8}},"85":{"start":{"line":180,"column":37},"end":{"line":182,"column":null}},"86":{"start":{"line":184,"column":6},"end":{"line":184,"column":44}},"87":{"start":{"line":188,"column":26},"end":{"line":200,"column":3}},"88":{"start":{"line":189,"column":35},"end":{"line":189,"column":37}},"89":{"start":{"line":190,"column":24},"end":{"line":190,"column":43}},"90":{"start":{"line":192,"column":4},"end":{"line":197,"column":5}},"91":{"start":{"line":193,"column":6},"end":{"line":195,"column":7}},"92":{"start":{"line":194,"column":8},"end":{"line":194,"column":51}},"93":{"start":{"line":196,"column":6},"end":{"line":196,"column":53}},"94":{"start":{"line":199,"column":4},"end":{"line":199,"column":24}},"95":{"start":{"line":202,"column":39},"end":{"line":217,"column":4}},"96":{"start":{"line":219,"column":2},"end":{"line":270,"column":4}},"97":{"start":{"line":222,"column":23},"end":{"line":222,"column":71}},"98":{"start":{"line":273,"column":0},"end":{"line":273,"column":31}}},"fnMap":{"0":{"name":"(anonymous_0)","decl":{"start":{"line":28,"column":56},"end":{"line":28,"column":57}},"loc":{"start":{"line":31,"column":5},"end":{"line":271,"column":1}}},"1":{"name":"(anonymous_1)","decl":{"start":{"line":38,"column":12},"end":{"line":38,"column":15}},"loc":{"start":{"line":38,"column":17},"end":{"line":40,"column":3}}},"2":{"name":"(anonymous_2)","decl":{"start":{"line":42,"column":12},"end":{"line":42,"column":15}},"loc":{"start":{"line":42,"column":17},"end":{"line":47,"column":3}}},"3":{"name":"(anonymous_3)","decl":{"start":{"line":44,"column":11},"end":{"line":44,"column":14}},"loc":{"start":{"line":44,"column":16},"end":{"line":46,"column":5}}},"4":{"name":"(anonymous_4)","decl":{"start":{"line":49,"column":33},"end":{"line":49,"column":34}},"loc":{"start":{"line":49,"column":51},"end":{"line":58,"column":3}}},"5":{"name":"(anonymous_5)","decl":{"start":{"line":60,"column":32},"end":{"line":60,"column":33}},"loc":{"start":{"line":60,"column":49},"end":{"line":71,"column":3}}},"6":{"name":"(anonymous_6)","decl":{"start":{"line":73,"column":31},"end":{"line":73,"column":32}},"loc":{"start":{"line":73,"column":49},"end":{"line":76,"column":3}}},"7":{"name":"(anonymous_7)","decl":{"start":{"line":78,"column":30},"end":{"line":78,"column":31}},"loc":{"start":{"line":78,"column":47},"end":{"line":81,"column":3}}},"8":{"name":"(anonymous_8)","decl":{"start":{"line":83,"column":33},"end":{"line":83,"column":36}},"loc":{"start":{"line":83,"column":38},"end":{"line":85,"column":3}}},"9":{"name":"(anonymous_9)","decl":{"start":{"line":87,"column":27},"end":{"line":87,"column":30}},"loc":{"start":{"line":87,"column":32},"end":{"line":90,"column":3}}},"10":{"name":"(anonymous_10)","decl":{"start":{"line":92,"column":29},"end":{"line":92,"column":30}},"loc":{"start":{"line":92,"column":51},"end":{"line":96,"column":3}}},"11":{"name":"(anonymous_11)","decl":{"start":{"line":98,"column":26},"end":{"line":98,"column":27}},"loc":{"start":{"line":98,"column":41},"end":{"line":104,"column":3}}},"12":{"name":"(anonymous_12)","decl":{"start":{"line":106,"column":37},"end":{"line":106,"column":38}},"loc":{"start":{"line":106,"column":72},"end":{"line":109,"column":3}}},"13":{"name":"(anonymous_13)","decl":{"start":{"line":111,"column":39},"end":{"line":111,"column":42}},"loc":{"start":{"line":111,"column":44},"end":{"line":113,"column":3}}},"14":{"name":"(anonymous_14)","decl":{"start":{"line":115,"column":30},"end":{"line":115,"column":33}},"loc":{"start":{"line":115,"column":35},"end":{"line":129,"column":3}}},"15":{"name":"(anonymous_15)","decl":{"start":{"line":131,"column":37},"end":{"line":131,"column":40}},"loc":{"start":{"line":131,"column":42},"end":{"line":137,"column":3}}},"16":{"name":"(anonymous_16)","decl":{"start":{"line":139,"column":37},"end":{"line":139,"column":40}},"loc":{"start":{"line":139,"column":42},"end":{"line":141,"column":3}}},"17":{"name":"(anonymous_17)","decl":{"start":{"line":143,"column":35},"end":{"line":143,"column":36}},"loc":{"start":{"line":143,"column":53},"end":{"line":147,"column":3}}},"18":{"name":"(anonymous_18)","decl":{"start":{"line":149,"column":42},"end":{"line":149,"column":43}},"loc":{"start":{"line":149,"column":59},"end":{"line":160,"column":3}}},"19":{"name":"(anonymous_19)","decl":{"start":{"line":162,"column":30},"end":{"line":162,"column":31}},"loc":{"start":{"line":162,"column":45},"end":{"line":172,"column":3}}},"20":{"name":"(anonymous_20)","decl":{"start":{"line":174,"column":27},"end":{"line":174,"column":30}},"loc":{"start":{"line":174,"column":32},"end":{"line":186,"column":3}}},"21":{"name":"(anonymous_21)","decl":{"start":{"line":188,"column":26},"end":{"line":188,"column":27}},"loc":{"start":{"line":188,"column":61},"end":{"line":200,"column":3}}},"22":{"name":"(anonymous_22)","decl":{"start":{"line":222,"column":17},"end":{"line":222,"column":20}},"loc":{"start":{"line":222,"column":23},"end":{"line":222,"column":71}}}},"branchMap":{"0":{"loc":{"start":{"line":29,"column":2},"end":{"line":29,"column":23}},"type":"default-arg","locations":[{"start":{"line":29,"column":21},"end":{"line":29,"column":23}}]},"1":{"loc":{"start":{"line":55,"column":4},"end":{"line":57,"column":5}},"type":"if","locations":[{"start":{"line":55,"column":4},"end":{"line":57,"column":5}}]},"2":{"loc":{"start":{"line":64,"column":4},"end":{"line":70,"column":5}},"type":"if","locations":[{"start":{"line":64,"column":4},"end":{"line":70,"column":5}}]},"3":{"loc":{"start":{"line":93,"column":4},"end":{"line":95,"column":5}},"type":"if","locations":[{"start":{"line":93,"column":4},"end":{"line":95,"column":5}}]},"4":{"loc":{"start":{"line":93,"column":8},"end":{"line":93,"column":76}},"type":"binary-expr","locations":[{"start":{"line":93,"column":8},"end":{"line":93,"column":24}},{"start":{"line":93,"column":28},"end":{"line":93,"column":76}}]},"5":{"loc":{"start":{"line":99,"column":4},"end":{"line":101,"column":5}},"type":"if","locations":[{"start":{"line":99,"column":4},"end":{"line":101,"column":5}}]},"6":{"loc":{"start":{"line":116,"column":4},"end":{"line":128,"column":5}},"type":"if","locations":[{"start":{"line":116,"column":4},"end":{"line":128,"column":5}},{"start":{"line":125,"column":11},"end":{"line":128,"column":5}}]},"7":{"loc":{"start":{"line":116,"column":8},"end":{"line":116,"column":40}},"type":"binary-expr","locations":[{"start":{"line":116,"column":8},"end":{"line":116,"column":23}},{"start":{"line":116,"column":27},"end":{"line":116,"column":40}}]},"8":{"loc":{"start":{"line":132,"column":4},"end":{"line":136,"column":5}},"type":"if","locations":[{"start":{"line":132,"column":4},"end":{"line":136,"column":5}},{"start":{"line":134,"column":11},"end":{"line":136,"column":5}}]},"9":{"loc":{"start":{"line":144,"column":4},"end":{"line":146,"column":5}},"type":"if","locations":[{"start":{"line":144,"column":4},"end":{"line":146,"column":5}}]},"10":{"loc":{"start":{"line":144,"column":8},"end":{"line":144,"column":69}},"type":"binary-expr","locations":[{"start":{"line":144,"column":8},"end":{"line":144,"column":41}},{"start":{"line":144,"column":45},"end":{"line":144,"column":69}}]},"11":{"loc":{"start":{"line":150,"column":4},"end":{"line":159,"column":5}},"type":"if","locations":[{"start":{"line":150,"column":4},"end":{"line":159,"column":5}}]},"12":{"loc":{"start":{"line":151,"column":6},"end":{"line":152,"column":69}},"type":"binary-expr","locations":[{"start":{"line":151,"column":6},"end":{"line":151,"column":28}},{"start":{"line":152,"column":7},"end":{"line":152,"column":31}},{"start":{"line":152,"column":35},"end":{"line":152,"column":68}}]},"13":{"loc":{"start":{"line":163,"column":4},"end":{"line":171,"column":5}},"type":"if","locations":[{"start":{"line":163,"column":4},"end":{"line":171,"column":5}},{"start":{"line":166,"column":11},"end":{"line":171,"column":5}}]},"14":{"loc":{"start":{"line":163,"column":8},"end":{"line":163,"column":62}},"type":"binary-expr","locations":[{"start":{"line":163,"column":8},"end":{"line":163,"column":24}},{"start":{"line":163,"column":29},"end":{"line":163,"column":44}},{"start":{"line":163,"column":48},"end":{"line":163,"column":61}}]},"15":{"loc":{"start":{"line":166,"column":11},"end":{"line":171,"column":5}},"type":"if","locations":[{"start":{"line":166,"column":11},"end":{"line":171,"column":5}},{"start":{"line":169,"column":11},"end":{"line":171,"column":5}}]},"16":{"loc":{"start":{"line":175,"column":4},"end":{"line":185,"column":5}},"type":"if","locations":[{"start":{"line":175,"column":4},"end":{"line":185,"column":5}}]},"17":{"loc":{"start":{"line":175,"column":8},"end":{"line":175,"column":40}},"type":"binary-expr","locations":[{"start":{"line":175,"column":8},"end":{"line":175,"column":23}},{"start":{"line":175,"column":27},"end":{"line":175,"column":40}}]},"18":{"loc":{"start":{"line":193,"column":6},"end":{"line":195,"column":7}},"type":"if","locations":[{"start":{"line":193,"column":6},"end":{"line":195,"column":7}}]}},"s":{"0":2,"1":2,"2":2,"3":2,"4":2,"5":2,"6":2,"7":2,"8":48,"9":48,"10":48,"11":48,"12":48,"13":19,"14":48,"15":24,"16":24,"17":24,"18":48,"19":0,"20":0,"21":0,"22":0,"23":0,"24":48,"25":0,"26":0,"27":0,"28":0,"29":0,"30":48,"31":0,"32":0,"33":48,"34":0,"35":0,"36":48,"37":2,"38":48,"39":1,"40":1,"41":48,"42":0,"43":0,"44":48,"45":4,"46":0,"47":4,"48":48,"49":0,"50":0,"51":48,"52":1,"53":48,"54":19,"55":2,"56":2,"57":2,"58":2,"59":17,"60":17,"61":48,"62":24,"63":8,"64":16,"65":48,"66":40,"67":48,"68":0,"69":0,"70":48,"71":0,"72":0,"73":0,"74":48,"75":4,"76":2,"77":2,"78":2,"79":0,"80":0,"81":2,"82":48,"83":1,"84":1,"85":1,"86":1,"87":48,"88":1,"89":1,"90":1,"91":1,"92":0,"93":1,"94":1,"95":48,"96":48,"97":8,"98":2},"f":{"0":48,"1":19,"2":24,"3":24,"4":0,"5":0,"6":0,"7":0,"8":2,"9":1,"10":0,"11":4,"12":0,"13":1,"14":19,"15":24,"16":40,"17":0,"18":0,"19":4,"20":1,"21":1,"22":8},"b":{"0":[3],"1":[0],"2":[0],"3":[0],"4":[0,0],"5":[0],"6":[2,17],"7":[19,4],"8":[8,16],"9":[0],"10":[0,0],"11":[0],"12":[0,0,0],"13":[2,2],"14":[4,2,2],"15":[0,2],"16":[1],"17":[1,1],"18":[0]}}
,"/Users/ujjwal.tiwari/Desktop/DateRangePicker/date-range-picker/src/components/DateRangePicker/DateRangePicker.utils.ts": {"path":"/Users/ujjwal.tiwari/Desktop/DateRangePicker/date-range-picker/src/components/DateRangePicker/DateRangePicker.utils.ts","statementMap":{"0":{"start":{"line":9,"column":38},"end":{"line":43,"column":1}},"1":{"start":{"line":13,"column":2},"end":{"line":42,"column":3}},"2":{"start":{"line":15,"column":6},"end":{"line":15,"column":53}},"3":{"start":{"line":17,"column":6},"end":{"line":17,"column":51}},"4":{"start":{"line":19,"column":6},"end":{"line":19,"column":50}},"5":{"start":{"line":21,"column":6},"end":{"line":21,"column":57}},"6":{"start":{"line":23,"column":6},"end":{"line":23,"column":53}},"7":{"start":{"line":25,"column":6},"end":{"line":25,"column":54}},"8":{"start":{"line":27,"column":6},"end":{"line":27,"column":51}},"9":{"start":{"line":29,"column":6},"end":{"line":29,"column":52}},"10":{"start":{"line":31,"column":6},"end":{"line":39,"column":8}},"11":{"start":{"line":41,"column":6},"end":{"line":41,"column":19}},"12":{"start":{"line":9,"column":13},"end":{"line":9,"column":38}},"13":{"start":{"line":45,"column":13},"end":{"line":54,"column":2}},"14":{"start":{"line":56,"column":40},"end":{"line":78,"column":1}},"15":{"start":{"line":59,"column":16},"end":{"line":59,"column":26}},"16":{"start":{"line":61,"column":2},"end":{"line":77,"column":5}},"17":{"start":{"line":62,"column":22},"end":{"line":62,"column":37}},"18":{"start":{"line":64,"column":4},"end":{"line":70,"column":5}},"19":{"start":{"line":65,"column":6},"end":{"line":65,"column":55}},"20":{"start":{"line":66,"column":11},"end":{"line":70,"column":5}},"21":{"start":{"line":67,"column":6},"end":{"line":67,"column":59}},"22":{"start":{"line":68,"column":11},"end":{"line":70,"column":5}},"23":{"start":{"line":69,"column":6},"end":{"line":69,"column":64}},"24":{"start":{"line":72,"column":4},"end":{"line":76,"column":6}},"25":{"start":{"line":56,"column":13},"end":{"line":56,"column":40}},"26":{"start":{"line":80,"column":26},"end":{"line":86,"column":1}},"27":{"start":{"line":81,"column":15},"end":{"line":81,"column":33}},"28":{"start":{"line":82,"column":16},"end":{"line":82,"column":65}},"29":{"start":{"line":83,"column":14},"end":{"line":83,"column":56}},"30":{"start":{"line":85,"column":2},"end":{"line":85,"column":35}},"31":{"start":{"line":80,"column":13},"end":{"line":80,"column":26}}},"fnMap":{"0":{"name":"(anonymous_0)","decl":{"start":{"line":9,"column":38},"end":{"line":9,"column":null}},"loc":{"start":{"line":12,"column":26},"end":{"line":43,"column":1}}},"1":{"name":"(anonymous_1)","decl":{"start":{"line":56,"column":40},"end":{"line":56,"column":null}},"loc":{"start":{"line":58,"column":13},"end":{"line":78,"column":1}}},"2":{"name":"(anonymous_2)","decl":{"start":{"line":61,"column":20},"end":{"line":61,"column":21}},"loc":{"start":{"line":61,"column":64},"end":{"line":77,"column":3}}},"3":{"name":"(anonymous_3)","decl":{"start":{"line":80,"column":26},"end":{"line":80,"column":27}},"loc":{"start":{"line":80,"column":49},"end":{"line":86,"column":1}}}},"branchMap":{"0":{"loc":{"start":{"line":13,"column":2},"end":{"line":42,"column":3}},"type":"switch","locations":[{"start":{"line":14,"column":4},"end":{"line":15,"column":53}},{"start":{"line":16,"column":4},"end":{"line":17,"column":51}},{"start":{"line":18,"column":4},"end":{"line":19,"column":50}},{"start":{"line":20,"column":4},"end":{"line":21,"column":57}},{"start":{"line":22,"column":4},"end":{"line":23,"column":53}},{"start":{"line":24,"column":4},"end":{"line":25,"column":54}},{"start":{"line":26,"column":4},"end":{"line":27,"column":51}},{"start":{"line":28,"column":4},"end":{"line":29,"column":52}},{"start":{"line":30,"column":4},"end":{"line":39,"column":8}},{"start":{"line":40,"column":4},"end":{"line":41,"column":19}}]},"1":{"loc":{"start":{"line":64,"column":4},"end":{"line":70,"column":5}},"type":"if","locations":[{"start":{"line":64,"column":4},"end":{"line":70,"column":5}},{"start":{"line":66,"column":11},"end":{"line":70,"column":5}}]},"2":{"loc":{"start":{"line":66,"column":11},"end":{"line":70,"column":5}},"type":"if","locations":[{"start":{"line":66,"column":11},"end":{"line":70,"column":5}},{"start":{"line":68,"column":11},"end":{"line":70,"column":5}}]},"3":{"loc":{"start":{"line":68,"column":11},"end":{"line":70,"column":5}},"type":"if","locations":[{"start":{"line":68,"column":11},"end":{"line":70,"column":5}}]}},"s":{"0":3,"1":46,"2":3,"3":5,"4":11,"5":20,"6":1,"7":1,"8":1,"9":1,"10":2,"11":1,"12":3,"13":3,"14":3,"15":48,"16":48,"17":104,"18":104,"19":14,"20":90,"21":7,"22":83,"23":7,"24":104,"25":3,"26":3,"27":10,"28":10,"29":10,"30":10,"31":3},"f":{"0":46,"1":48,"2":104,"3":10},"b":{"0":[3,5,11,20,1,1,1,1,2,1],"1":[14,90],"2":[7,83],"3":[7]}}
,"/Users/ujjwal.tiwari/Desktop/DateRangePicker/date-range-picker/src/components/shared/Modal/Modal.styles.ts": {"path":"/Users/ujjwal.tiwari/Desktop/DateRangePicker/date-range-picker/src/components/shared/Modal/Modal.styles.ts","statementMap":{"0":{"start":{"line":1,"column":0},"end":{"line":1,"column":39}},"1":{"start":{"line":3,"column":13},"end":{"line":14,"column":2}},"2":{"start":{"line":16,"column":13},"end":{"line":26,"column":2}},"3":{"start":{"line":28,"column":13},"end":{"line":32,"column":2}},"4":{"start":{"line":34,"column":13},"end":{"line":60,"column":2}}},"fnMap":{},"branchMap":{},"s":{"0":2,"1":2,"2":2,"3":2,"4":2},"f":{},"b":{}}
,"/Users/ujjwal.tiwari/Desktop/DateRangePicker/date-range-picker/src/components/shared/Modal/Modal.tsx": {"path":"/Users/ujjwal.tiwari/Desktop/DateRangePicker/date-range-picker/src/components/shared/Modal/Modal.tsx","statementMap":{"0":{"start":{"line":2,"column":0},"end":{"line":2,"column":null}},"1":{"start":{"line":25,"column":35},"end":{"line":56,"column":1}},"2":{"start":{"line":32,"column":2},"end":{"line":32,"column":27}},"3":{"start":{"line":32,"column":15},"end":{"line":32,"column":27}},"4":{"start":{"line":34,"column":2},"end":{"line":55,"column":4}},"5":{"start":{"line":42,"column":14},"end":{"line":43,"column":null}},"6":{"start":{"line":58,"column":0},"end":{"line":58,"column":21}}},"fnMap":{"0":{"name":"(anonymous_0)","decl":{"start":{"line":25,"column":35},"end":{"line":25,"column":36}},"loc":{"start":{"line":31,"column":5},"end":{"line":56,"column":1}}},"1":{"name":"(anonymous_1)","decl":{"start":{"line":41,"column":31},"end":{"line":41,"column":32}},"loc":{"start":{"line":42,"column":14},"end":{"line":43,"column":null}}}},"branchMap":{"0":{"loc":{"start":{"line":32,"column":2},"end":{"line":32,"column":27}},"type":"if","locations":[{"start":{"line":32,"column":2},"end":{"line":32,"column":27}}]},"1":{"loc":{"start":{"line":39,"column":9},"end":{"line":51,"column":null}},"type":"binary-expr","locations":[{"start":{"line":39,"column":9},"end":{"line":39,"column":22}},{"start":{"line":40,"column":10},"end":{"line":50,"column":null}}]}},"s":{"0":2,"1":2,"2":48,"3":30,"4":18,"5":36,"6":2},"f":{"0":48,"1":36},"b":{"0":[30],"1":[18,18]}}
,"/Users/ujjwal.tiwari/Desktop/DateRangePicker/date-range-picker/src/components/shared/Select/Select.styles.ts": {"path":"/Users/ujjwal.tiwari/Desktop/DateRangePicker/date-range-picker/src/components/shared/Select/Select.styles.ts","statementMap":{"0":{"start":{"line":1,"column":0},"end":{"line":1,"column":39}},"1":{"start":{"line":3,"column":13},"end":{"line":6,"column":2}},"2":{"start":{"line":8,"column":13},"end":{"line":24,"column":2}},"3":{"start":{"line":26,"column":13},"end":{"line":34,"column":2}}},"fnMap":{},"branchMap":{},"s":{"0":4,"1":4,"2":4,"3":4},"f":{},"b":{}}
,"/Users/ujjwal.tiwari/Desktop/DateRangePicker/date-range-picker/src/components/shared/Select/Select.tsx": {"path":"/Users/ujjwal.tiwari/Desktop/DateRangePicker/date-range-picker/src/components/shared/Select/Select.tsx","statementMap":{"0":{"start":{"line":1,"column":0},"end":{"line":1,"column":43}},"1":{"start":{"line":2,"column":0},"end":{"line":2,"column":73}},"2":{"start":{"line":10,"column":32},"end":{"line":32,"column":1}},"3":{"start":{"line":11,"column":24},"end":{"line":17,"column":15}},"4":{"start":{"line":12,"column":4},"end":{"line":16,"column":7}},"5":{"start":{"line":13,"column":6},"end":{"line":13,"column":33}},"6":{"start":{"line":19,"column":23},"end":{"line":22,"column":3}},"7":{"start":{"line":20,"column":26},"end":{"line":20,"column":48}},"8":{"start":{"line":21,"column":4},"end":{"line":21,"column":28}},"9":{"start":{"line":24,"column":2},"end":{"line":31,"column":4}},"10":{"start":{"line":34,"column":0},"end":{"line":34,"column":22}}},"fnMap":{"0":{"name":"(anonymous_0)","decl":{"start":{"line":10,"column":32},"end":{"line":10,"column":33}},"loc":{"start":{"line":10,"column":65},"end":{"line":32,"column":1}}},"1":{"name":"(anonymous_1)","decl":{"start":{"line":11,"column":32},"end":{"line":11,"column":35}},"loc":{"start":{"line":11,"column":37},"end":{"line":17,"column":3}}},"2":{"name":"(anonymous_2)","decl":{"start":{"line":12,"column":23},"end":{"line":12,"column":24}},"loc":{"start":{"line":13,"column":6},"end":{"line":13,"column":33}}},"3":{"name":"(anonymous_3)","decl":{"start":{"line":19,"column":23},"end":{"line":19,"column":24}},"loc":{"start":{"line":19,"column":67},"end":{"line":22,"column":3}}}},"branchMap":{},"s":{"0":4,"1":4,"2":4,"3":92,"4":52,"5":2912,"6":92,"7":4,"8":4,"9":92,"10":4},"f":{"0":92,"1":52,"2":2912,"3":4},"b":{}}
}
