TN:
SF:src/App.tsx
FN:4,(anonymous_0)
FN:5,(anonymous_1)
FNF:2
FNH:1
FNDA:3,(anonymous_0)
FNDA:0,(anonymous_1)
DA:2,1
DA:4,1
DA:5,3
DA:9,0
DA:10,0
DA:13,3
DA:20,3
DA:38,1
LF:8
LH:6
BRF:0
BRH:0
end_of_record
TN:
SF:src/components/Calendar/Calendar.styles.ts
FNF:0
FNH:0
DA:1,3
DA:3,3
DA:10,3
DA:21,3
LF:4
LH:4
BRF:0
BRH:0
end_of_record
TN:
SF:src/components/Calendar/Calendar.tsx
FN:11,(anonymous_0)
FN:26,(anonymous_1)
FN:33,(anonymous_2)
FN:43,(anonymous_3)
FN:55,(anonymous_4)
FN:72,(anonymous_5)
FN:98,(anonymous_6)
FNF:7
FNH:7
FNDA:41,(anonymous_0)
FNDA:1248,(anonymous_1)
FNDA:1248,(anonymous_2)
FNDA:1248,(anonymous_3)
FNDA:5,(anonymous_4)
FNDA:41,(anonymous_5)
FNDA:287,(anonymous_6)
DA:1,3
DA:3,3
DA:8,3
DA:9,3
DA:11,3
DA:22,41
DA:23,41
DA:25,41
DA:27,1248
DA:32,41
DA:34,1248
DA:42,41
DA:44,1248
DA:45,1248
DA:46,1248
DA:47,1248
DA:49,1248
DA:55,5
DA:72,41
DA:73,41
DA:75,41
DA:76,146
DA:81,41
DA:82,1248
DA:85,41
DA:88,41
DA:99,287
DA:110,3
LF:28
LH:28
BRDA:27,0,0,1248
BRDA:27,0,1,638
BRDA:27,0,2,1235
BRDA:27,0,3,385
BRDA:34,1,0,1248
BRDA:34,1,1,638
BRDA:34,1,2,394
BRDA:34,1,3,264
BRDA:34,1,4,45
BRDA:52,2,0,364
BRDA:52,2,1,884
BRDA:53,3,0,18
BRDA:53,3,1,1230
BRDA:54,4,0,30
BRDA:54,4,1,1218
BRDA:54,5,0,18
BRDA:54,5,1,1230
BRF:17
BRH:17
end_of_record
TN:
SF:src/components/Calendar/calendar.utils.ts
FN:1,(anonymous_0)
FN:5,(anonymous_1)
FNF:2
FNH:2
FNDA:46,(anonymous_0)
FNDA:1108,(anonymous_1)
DA:1,4
DA:2,46
DA:5,4
DA:6,1108
DA:7,1108
DA:10,4
LF:6
LH:6
BRDA:7,0,0,1108
BRDA:7,0,1,945
BRF:2
BRH:2
end_of_record
TN:
SF:src/components/Calendar/CalendarHeader/CalendarHeader.styles.ts
FNF:0
FNH:0
DA:1,4
DA:3,4
DA:11,4
DA:16,4
DA:34,4
LF:5
LH:5
BRF:0
BRH:0
end_of_record
TN:
SF:src/components/Calendar/CalendarHeader/CalendarHeader.tsx
FN:84,(anonymous_0)
FN:90,(anonymous_1)
FN:91,(anonymous_2)
FN:97,(anonymous_3)
FN:98,(anonymous_4)
FN:107,(anonymous_5)
FN:113,(anonymous_6)
FNF:7
FNH:7
FNDA:46,(anonymous_0)
FNDA:26,(anonymous_1)
FNDA:2600,(anonymous_2)
FNDA:26,(anonymous_3)
FNDA:312,(anonymous_4)
FNDA:26,(anonymous_5)
FNDA:26,(anonymous_6)
DA:73,4
DA:74,4
DA:75,4
DA:84,4
DA:90,46
DA:91,26
DA:92,2600
DA:93,2600
DA:97,46
DA:98,26
DA:99,312
DA:100,312
DA:103,312
DA:107,46
DA:108,26
DA:109,26
DA:110,26
DA:113,46
DA:114,26
DA:117,46
DA:133,4
LF:21
LH:21
BRF:0
BRH:0
end_of_record
TN:
SF:src/components/CustomRanges/CustomRanges.styles.ts
FNF:0
FNH:0
DA:1,3
DA:3,3
LF:2
LH:2
BRF:0
BRH:0
end_of_record
TN:
SF:src/components/CustomRanges/CustomRanges.tsx
FN:15,(anonymous_0)
FN:21,(anonymous_1)
FN:24,(anonymous_2)
FNF:3
FNH:3
FNDA:20,(anonymous_0)
FNDA:42,(anonymous_1)
FNDA:3,(anonymous_2)
DA:2,3
DA:15,3
DA:19,20
DA:22,42
DA:24,3
DA:33,3
LF:6
LH:6
BRF:0
BRH:0
end_of_record
TN:
SF:src/components/DateRangePicker/DateRangePicker.styles.ts
FNF:0
FNH:0
DA:1,2
DA:3,2
DA:9,2
DA:15,2
DA:36,2
DA:45,2
DA:52,2
LF:7
LH:7
BRF:0
BRH:0
end_of_record
TN:
SF:src/components/DateRangePicker/DateRangePicker.tsx
FN:28,(anonymous_0)
FN:38,(anonymous_1)
FN:42,(anonymous_2)
FN:44,(anonymous_3)
FN:49,(anonymous_4)
FN:60,(anonymous_5)
FN:73,(anonymous_6)
FN:78,(anonymous_7)
FN:83,(anonymous_8)
FN:87,(anonymous_9)
FN:92,(anonymous_10)
FN:98,(anonymous_11)
FN:106,(anonymous_12)
FN:111,(anonymous_13)
FN:115,(anonymous_14)
FN:131,(anonymous_15)
FN:139,(anonymous_16)
FN:143,(anonymous_17)
FN:149,(anonymous_18)
FN:162,(anonymous_19)
FN:174,(anonymous_20)
FN:188,(anonymous_21)
FN:222,(anonymous_22)
FNF:23
FNH:15
FNDA:48,(anonymous_0)
FNDA:19,(anonymous_1)
FNDA:24,(anonymous_2)
FNDA:24,(anonymous_3)
FNDA:0,(anonymous_4)
FNDA:0,(anonymous_5)
FNDA:0,(anonymous_6)
FNDA:0,(anonymous_7)
FNDA:2,(anonymous_8)
FNDA:1,(anonymous_9)
FNDA:0,(anonymous_10)
FNDA:4,(anonymous_11)
FNDA:0,(anonymous_12)
FNDA:1,(anonymous_13)
FNDA:19,(anonymous_14)
FNDA:24,(anonymous_15)
FNDA:40,(anonymous_16)
FNDA:0,(anonymous_17)
FNDA:0,(anonymous_18)
FNDA:4,(anonymous_19)
FNDA:1,(anonymous_20)
FNDA:1,(anonymous_21)
FNDA:8,(anonymous_22)
DA:1,2
DA:8,2
DA:9,2
DA:10,2
DA:11,2
DA:20,2
DA:26,2
DA:28,2
DA:32,48
DA:33,48
DA:34,48
DA:36,48
DA:38,48
DA:39,19
DA:42,48
DA:43,24
DA:44,24
DA:45,24
DA:49,48
DA:50,0
DA:52,0
DA:53,0
DA:55,0
DA:56,0
DA:60,48
DA:61,0
DA:64,0
DA:65,0
DA:68,0
DA:69,0
DA:73,48
DA:74,0
DA:75,0
DA:78,48
DA:79,0
DA:80,0
DA:83,48
DA:84,2
DA:87,48
DA:88,1
DA:89,1
DA:92,48
DA:93,0
DA:94,0
DA:98,48
DA:99,4
DA:100,0
DA:103,4
DA:106,48
DA:107,0
DA:108,0
DA:111,48
DA:112,1
DA:115,48
DA:116,19
DA:117,2
DA:118,2
DA:120,2
DA:124,2
DA:126,17
DA:127,17
DA:131,48
DA:132,24
DA:133,8
DA:135,16
DA:139,48
DA:140,40
DA:143,48
DA:144,0
DA:145,0
DA:149,48
DA:150,0
DA:154,0
DA:155,0
DA:162,48
DA:163,4
DA:164,2
DA:165,2
DA:166,2
DA:167,0
DA:168,0
DA:170,2
DA:174,48
DA:175,1
DA:176,1
DA:180,1
DA:184,1
DA:188,48
DA:189,1
DA:190,1
DA:192,1
DA:193,1
DA:194,0
DA:196,1
DA:199,1
DA:202,48
DA:219,48
DA:222,8
DA:273,2
LF:99
LH:72
BRDA:29,0,0,3
BRDA:55,1,0,0
BRDA:64,2,0,0
BRDA:93,3,0,0
BRDA:93,4,0,0
BRDA:93,4,1,0
BRDA:99,5,0,0
BRDA:116,6,0,2
BRDA:116,6,1,17
BRDA:116,7,0,19
BRDA:116,7,1,4
BRDA:132,8,0,8
BRDA:132,8,1,16
BRDA:144,9,0,0
BRDA:144,10,0,0
BRDA:144,10,1,0
BRDA:150,11,0,0
BRDA:151,12,0,0
BRDA:151,12,1,0
BRDA:151,12,2,0
BRDA:163,13,0,2
BRDA:163,13,1,2
BRDA:163,14,0,4
BRDA:163,14,1,2
BRDA:163,14,2,2
BRDA:166,15,0,0
BRDA:166,15,1,2
BRDA:175,16,0,1
BRDA:175,17,0,1
BRDA:175,17,1,1
BRDA:193,18,0,0
BRF:31
BRH:16
end_of_record
TN:
SF:src/components/DateRangePicker/DateRangePicker.utils.ts
FN:9,(anonymous_0)
FN:56,(anonymous_1)
FN:61,(anonymous_2)
FN:80,(anonymous_3)
FNF:4
FNH:4
FNDA:46,(anonymous_0)
FNDA:48,(anonymous_1)
FNDA:104,(anonymous_2)
FNDA:10,(anonymous_3)
DA:9,3
DA:13,46
DA:15,3
DA:17,5
DA:19,11
DA:21,20
DA:23,1
DA:25,1
DA:27,1
DA:29,1
DA:31,2
DA:41,1
DA:45,3
DA:56,3
DA:59,48
DA:61,48
DA:62,104
DA:64,104
DA:65,14
DA:66,90
DA:67,7
DA:68,83
DA:69,7
DA:72,104
DA:80,3
DA:81,10
DA:82,10
DA:83,10
DA:85,10
LF:29
LH:29
BRDA:13,0,0,3
BRDA:13,0,1,5
BRDA:13,0,2,11
BRDA:13,0,3,20
BRDA:13,0,4,1
BRDA:13,0,5,1
BRDA:13,0,6,1
BRDA:13,0,7,1
BRDA:13,0,8,2
BRDA:13,0,9,1
BRDA:64,1,0,14
BRDA:64,1,1,90
BRDA:66,2,0,7
BRDA:66,2,1,83
BRDA:68,3,0,7
BRF:15
BRH:15
end_of_record
TN:
SF:src/components/shared/Modal/Modal.styles.ts
FNF:0
FNH:0
DA:1,2
DA:3,2
DA:16,2
DA:28,2
DA:34,2
LF:5
LH:5
BRF:0
BRH:0
end_of_record
TN:
SF:src/components/shared/Modal/Modal.tsx
FN:25,(anonymous_0)
FN:41,(anonymous_1)
FNF:2
FNH:2
FNDA:48,(anonymous_0)
FNDA:36,(anonymous_1)
DA:2,2
DA:25,2
DA:32,48
DA:34,18
DA:42,36
DA:58,2
LF:6
LH:6
BRDA:32,0,0,30
BRDA:39,1,0,18
BRDA:39,1,1,18
BRF:3
BRH:3
end_of_record
TN:
SF:src/components/shared/Select/Select.styles.ts
FNF:0
FNH:0
DA:1,4
DA:3,4
DA:8,4
DA:26,4
LF:4
LH:4
BRF:0
BRH:0
end_of_record
TN:
SF:src/components/shared/Select/Select.tsx
FN:10,(anonymous_0)
FN:11,(anonymous_1)
FN:12,(anonymous_2)
FN:19,(anonymous_3)
FNF:4
FNH:4
FNDA:92,(anonymous_0)
FNDA:52,(anonymous_1)
FNDA:2912,(anonymous_2)
FNDA:4,(anonymous_3)
DA:1,4
DA:2,4
DA:10,4
DA:11,92
DA:12,52
DA:13,2912
DA:19,92
DA:20,4
DA:21,4
DA:24,92
DA:34,4
LF:11
LH:11
BRF:0
BRH:0
end_of_record
